[0.021s] Invoking command in '/home/catscanners/Documents/find-my-kitten/ros2_ws/build/offboard_takeoff_example': CMAKE_PREFIX_PATH=${CMAKE_PREFIX_PATH}:/home/catscanners/Documents/find-my-kitten/ros2_ws/install/py_pubsub:/opt/ros/humble /usr/bin/cmake --build /home/catscanners/Documents/find-my-kitten/ros2_ws/build/offboard_takeoff_example -- -j6 -l6
[0.096s] -- Found ament_cmake: 1.3.11 (/opt/ros/humble/share/ament_cmake/cmake)
[0.396s] -- Found mavros_msgs: 2.9.0 (/opt/ros/humble/share/mavros_msgs/cmake)
[0.442s] -- Found rosidl_generator_c: 3.1.6 (/opt/ros/humble/share/rosidl_generator_c/cmake)
[0.446s] -- Found rosidl_adapter: 3.1.6 (/opt/ros/humble/share/rosidl_adapter/cmake)
[0.457s] -- Found rosidl_generator_cpp: 3.1.6 (/opt/ros/humble/share/rosidl_generator_cpp/cmake)
[0.475s] -- Using all available rosidl_typesupport_c: rosidl_typesupport_fastrtps_c;rosidl_typesupport_introspection_c
[0.498s] -- Using all available rosidl_typesupport_cpp: rosidl_typesupport_fastrtps_cpp;rosidl_typesupport_introspection_cpp
[0.724s] [31mCMake Error at CMakeLists.txt:12 (find_package):
[0.724s]   By not providing "Findros.cmake" in CMAKE_MODULE_PATH this project has
[0.724s]   asked CMake to find a package configuration file provided by "ros", but
[0.724s]   CMake did not find one.
[0.725s] 
[0.725s]   Could not find a package configuration file provided by "ros" with any of
[0.725s]   the following names:
[0.725s] 
[0.725s]     rosConfig.cmake
[0.725s]     ros-config.cmake
[0.725s] 
[0.726s]   Add the installation prefix of "ros" to CMAKE_PREFIX_PATH or set "ros_DIR"
[0.726s]   to a directory containing one of the above files.  If "ros" provides a
[0.726s]   separate development package or SDK, be sure it has been installed.
[0.726s] 
[0.726s] [0m
[0.726s] -- Configuring incomplete, errors occurred!
[0.726s] See also "/home/catscanners/Documents/find-my-kitten/ros2_ws/build/offboard_takeoff_example/CMakeFiles/CMakeOutput.log".
[0.737s] gmake: *** [Makefile:267: cmake_check_build_system] Error 1
[0.747s] Invoked command in '/home/catscanners/Documents/find-my-kitten/ros2_ws/build/offboard_takeoff_example' returned '2': CMAKE_PREFIX_PATH=${CMAKE_PREFIX_PATH}:/home/catscanners/Documents/find-my-kitten/ros2_ws/install/py_pubsub:/opt/ros/humble /usr/bin/cmake --build /home/catscanners/Documents/find-my-kitten/ros2_ws/build/offboard_takeoff_example -- -j6 -l6
