[0.025s] Invoking command in '/home/catscanners/Documents/find-my-kitten/ros2_ws/build/offboard_takeoff_example': CMAKE_PREFIX_PATH=${CMAKE_PREFIX_PATH}:/home/catscanners/Documents/find-my-kitten/ros2_ws/install/py_pubsub:/opt/ros/humble /usr/bin/cmake --build /home/catscanners/Documents/find-my-kitten/ros2_ws/build/offboard_takeoff_example -- -j6 -l6
[0.106s] Invoked command in '/home/catscanners/Documents/find-my-kitten/ros2_ws/build/offboard_takeoff_example' returned '0': CMAKE_PREFIX_PATH=${CMAKE_PREFIX_PATH}:/home/catscanners/Documents/find-my-kitten/ros2_ws/install/py_pubsub:/opt/ros/humble /usr/bin/cmake --build /home/catscanners/Documents/find-my-kitten/ros2_ws/build/offboard_takeoff_example -- -j6 -l6
[0.131s] Invoking command in '/home/catscanners/Documents/find-my-kitten/ros2_ws/build/offboard_takeoff_example': CMAKE_PREFIX_PATH=${CMAKE_PREFIX_PATH}:/home/catscanners/Documents/find-my-kitten/ros2_ws/install/py_pubsub:/opt/ros/humble /usr/bin/cmake --install /home/catscanners/Documents/find-my-kitten/ros2_ws/build/offboard_takeoff_example
[0.150s] -- Install configuration: ""
[0.150s] -- Up-to-date: /home/catscanners/Documents/find-my-kitten/ros2_ws/install/offboard_takeoff_example/share/ament_index/resource_index/package_run_dependencies/offboard_takeoff_example
[0.150s] -- Up-to-date: /home/catscanners/Documents/find-my-kitten/ros2_ws/install/offboard_takeoff_example/share/ament_index/resource_index/parent_prefix_path/offboard_takeoff_example
[0.151s] -- Up-to-date: /home/catscanners/Documents/find-my-kitten/ros2_ws/install/offboard_takeoff_example/share/offboard_takeoff_example/environment/ament_prefix_path.sh
[0.151s] -- Up-to-date: /home/catscanners/Documents/find-my-kitten/ros2_ws/install/offboard_takeoff_example/share/offboard_takeoff_example/environment/ament_prefix_path.dsv
[0.151s] -- Up-to-date: /home/catscanners/Documents/find-my-kitten/ros2_ws/install/offboard_takeoff_example/share/offboard_takeoff_example/environment/path.sh
[0.151s] -- Up-to-date: /home/catscanners/Documents/find-my-kitten/ros2_ws/install/offboard_takeoff_example/share/offboard_takeoff_example/environment/path.dsv
[0.152s] -- Up-to-date: /home/catscanners/Documents/find-my-kitten/ros2_ws/install/offboard_takeoff_example/share/offboard_takeoff_example/local_setup.bash
[0.152s] -- Up-to-date: /home/catscanners/Documents/find-my-kitten/ros2_ws/install/offboard_takeoff_example/share/offboard_takeoff_example/local_setup.sh
[0.152s] -- Up-to-date: /home/catscanners/Documents/find-my-kitten/ros2_ws/install/offboard_takeoff_example/share/offboard_takeoff_example/local_setup.zsh
[0.152s] -- Up-to-date: /home/catscanners/Documents/find-my-kitten/ros2_ws/install/offboard_takeoff_example/share/offboard_takeoff_example/local_setup.dsv
[0.152s] -- Up-to-date: /home/catscanners/Documents/find-my-kitten/ros2_ws/install/offboard_takeoff_example/share/offboard_takeoff_example/package.dsv
[0.152s] -- Up-to-date: /home/catscanners/Documents/find-my-kitten/ros2_ws/install/offboard_takeoff_example/share/ament_index/resource_index/packages/offboard_takeoff_example
[0.153s] -- Up-to-date: /home/catscanners/Documents/find-my-kitten/ros2_ws/install/offboard_takeoff_example/share/offboard_takeoff_example/cmake/offboard_takeoff_exampleConfig.cmake
[0.153s] -- Up-to-date: /home/catscanners/Documents/find-my-kitten/ros2_ws/install/offboard_takeoff_example/share/offboard_takeoff_example/cmake/offboard_takeoff_exampleConfig-version.cmake
[0.153s] -- Up-to-date: /home/catscanners/Documents/find-my-kitten/ros2_ws/install/offboard_takeoff_example/share/offboard_takeoff_example/package.xml
[0.157s] Invoked command in '/home/catscanners/Documents/find-my-kitten/ros2_ws/build/offboard_takeoff_example' returned '0': CMAKE_PREFIX_PATH=${CMAKE_PREFIX_PATH}:/home/catscanners/Documents/find-my-kitten/ros2_ws/install/py_pubsub:/opt/ros/humble /usr/bin/cmake --install /home/catscanners/Documents/find-my-kitten/ros2_ws/build/offboard_takeoff_example
