[0.035s] Invoking command in '/home/catscanners/Documents/find-my-kitten/ros2_ws/build/px4_ros_com': AMENT_PREFIX_PATH=/home/catscanners/Documents/find-my-kitten/ros2_ws/install/px4_msgs CMAKE_PREFIX_PATH=/home/catscanners/Documents/find-my-kitten/ros2_ws/install/px4_msgs LD_LIBRARY_PATH=/home/catscanners/Documents/find-my-kitten/ros2_ws/install/px4_msgs/lib PYTHONPATH=/home/catscanners/Documents/find-my-kitten/ros2_ws/install/px4_msgs/local/lib/python3.10/dist-packages /usr/bin/cmake --build /home/catscanners/Documents/find-my-kitten/ros2_ws/build/px4_ros_com -- -j6 -l6
[0.321s] [ 16%] Built target frame_transforms
[0.333s] [ 33%] Built target debug_vect_advertiser
[0.334s] [ 50%] Built target sensor_combined_listener
[0.342s] [ 66%] Built target vehicle_gps_position_listener
[0.348s] [ 75%] [32mBuilding CXX object CMakeFiles/offboard_control.dir/src/examples/offboard/offboard_control.cpp.o[0m
[0.351s] [ 91%] Built target offboard_control_srv
[0.393s] [ 91%] Built target ament_cmake_python_copy_px4_ros_com
[0.870s] running egg_info
[0.897s] writing px4_ros_com.egg-info/PKG-INFO
[0.897s] writing dependency_links to px4_ros_com.egg-info/dependency_links.txt
[0.898s] writing top-level names to px4_ros_com.egg-info/top_level.txt
[3.304s] writing manifest file 'px4_ros_com.egg-info/SOURCES.txt'
[3.393s] [ 91%] Built target ament_cmake_python_build_px4_ros_com_egg
[12.505s] [100%] [32m[1mLinking CXX executable offboard_control[0m
[13.243s] [100%] Built target offboard_control
[13.275s] Invoked command in '/home/catscanners/Documents/find-my-kitten/ros2_ws/build/px4_ros_com' returned '0': AMENT_PREFIX_PATH=/home/catscanners/Documents/find-my-kitten/ros2_ws/install/px4_msgs CMAKE_PREFIX_PATH=/home/catscanners/Documents/find-my-kitten/ros2_ws/install/px4_msgs LD_LIBRARY_PATH=/home/catscanners/Documents/find-my-kitten/ros2_ws/install/px4_msgs/lib PYTHONPATH=/home/catscanners/Documents/find-my-kitten/ros2_ws/install/px4_msgs/local/lib/python3.10/dist-packages /usr/bin/cmake --build /home/catscanners/Documents/find-my-kitten/ros2_ws/build/px4_ros_com -- -j6 -l6
[13.301s] Invoking command in '/home/catscanners/Documents/find-my-kitten/ros2_ws/build/px4_ros_com': AMENT_PREFIX_PATH=/home/catscanners/Documents/find-my-kitten/ros2_ws/install/px4_msgs CMAKE_PREFIX_PATH=/home/catscanners/Documents/find-my-kitten/ros2_ws/install/px4_msgs LD_LIBRARY_PATH=/home/catscanners/Documents/find-my-kitten/ros2_ws/install/px4_msgs/lib PYTHONPATH=/home/catscanners/Documents/find-my-kitten/ros2_ws/install/px4_msgs/local/lib/python3.10/dist-packages /usr/bin/cmake --install /home/catscanners/Documents/find-my-kitten/ros2_ws/build/px4_ros_com
[13.319s] -- Install configuration: ""
[13.320s] -- Up-to-date: /home/catscanners/Documents/find-my-kitten/ros2_ws/install/px4_ros_com/lib/px4_ros_com/sensor_combined_listener
[13.320s] -- Up-to-date: /home/catscanners/Documents/find-my-kitten/ros2_ws/install/px4_ros_com/lib/px4_ros_com/vehicle_gps_position_listener
[13.321s] -- Up-to-date: /home/catscanners/Documents/find-my-kitten/ros2_ws/install/px4_ros_com/lib/px4_ros_com/debug_vect_advertiser
[13.321s] -- Installing: /home/catscanners/Documents/find-my-kitten/ros2_ws/install/px4_ros_com/lib/px4_ros_com/offboard_control
[13.327s] -- Set runtime path of "/home/catscanners/Documents/find-my-kitten/ros2_ws/install/px4_ros_com/lib/px4_ros_com/offboard_control" to ""
[13.327s] -- Up-to-date: /home/catscanners/Documents/find-my-kitten/ros2_ws/install/px4_ros_com/lib/px4_ros_com/offboard_control_srv
[13.327s] -- Up-to-date: /home/catscanners/Documents/find-my-kitten/ros2_ws/install/px4_ros_com/share/px4_ros_com/environment/library_path.sh
[13.328s] -- Up-to-date: /home/catscanners/Documents/find-my-kitten/ros2_ws/install/px4_ros_com/share/px4_ros_com/environment/library_path.dsv
[13.328s] -- Up-to-date: /home/catscanners/Documents/find-my-kitten/ros2_ws/install/px4_ros_com/include/px4_ros_com
[13.328s] -- Up-to-date: /home/catscanners/Documents/find-my-kitten/ros2_ws/install/px4_ros_com/include/px4_ros_com/frame_transforms.h
[13.330s] -- Up-to-date: /home/catscanners/Documents/find-my-kitten/ros2_ws/install/px4_ros_com/lib/libframe_transforms.so
[13.330s] -- Up-to-date: /home/catscanners/Documents/find-my-kitten/ros2_ws/install/px4_ros_com/share/px4_ros_com//launch
[13.330s] -- Up-to-date: /home/catscanners/Documents/find-my-kitten/ros2_ws/install/px4_ros_com/share/px4_ros_com//launch/sensor_combined_listener.launch.py
[13.330s] -- Up-to-date: /home/catscanners/Documents/find-my-kitten/ros2_ws/install/px4_ros_com/share/px4_ros_com//launch/offboard_control_launch.yaml
[13.331s] -- Up-to-date: /home/catscanners/Documents/find-my-kitten/ros2_ws/install/px4_ros_com/share/px4_ros_com//test
[13.331s] -- Up-to-date: /home/catscanners/Documents/find-my-kitten/ros2_ws/install/px4_ros_com/share/px4_ros_com//test/test_input.py
[13.331s] -- Up-to-date: /home/catscanners/Documents/find-my-kitten/ros2_ws/install/px4_ros_com/share/px4_ros_com//test/pipeline_io_test.py
[13.331s] -- Up-to-date: /home/catscanners/Documents/find-my-kitten/ros2_ws/install/px4_ros_com/share/px4_ros_com//test/test_output.py
[13.332s] -- Up-to-date: /home/catscanners/Documents/find-my-kitten/ros2_ws/install/px4_ros_com/share/px4_ros_com//test/__init__.py
[13.332s] -- Up-to-date: /home/catscanners/Documents/find-my-kitten/ros2_ws/install/px4_ros_com/share/px4_ros_com/environment/pythonpath.sh
[13.332s] -- Up-to-date: /home/catscanners/Documents/find-my-kitten/ros2_ws/install/px4_ros_com/share/px4_ros_com/environment/pythonpath.dsv
[13.332s] -- Up-to-date: /home/catscanners/Documents/find-my-kitten/ros2_ws/install/px4_ros_com/local/lib/python3.10/dist-packages/px4_ros_com-0.1.0-py3.10.egg-info
[13.333s] -- Installing: /home/catscanners/Documents/find-my-kitten/ros2_ws/install/px4_ros_com/local/lib/python3.10/dist-packages/px4_ros_com-0.1.0-py3.10.egg-info/dependency_links.txt
[13.333s] -- Installing: /home/catscanners/Documents/find-my-kitten/ros2_ws/install/px4_ros_com/local/lib/python3.10/dist-packages/px4_ros_com-0.1.0-py3.10.egg-info/PKG-INFO
[13.334s] -- Installing: /home/catscanners/Documents/find-my-kitten/ros2_ws/install/px4_ros_com/local/lib/python3.10/dist-packages/px4_ros_com-0.1.0-py3.10.egg-info/SOURCES.txt
[13.334s] -- Installing: /home/catscanners/Documents/find-my-kitten/ros2_ws/install/px4_ros_com/local/lib/python3.10/dist-packages/px4_ros_com-0.1.0-py3.10.egg-info/top_level.txt
[13.334s] -- Up-to-date: /home/catscanners/Documents/find-my-kitten/ros2_ws/install/px4_ros_com/local/lib/python3.10/dist-packages/px4_ros_com
[13.334s] -- Up-to-date: /home/catscanners/Documents/find-my-kitten/ros2_ws/install/px4_ros_com/local/lib/python3.10/dist-packages/px4_ros_com/__init__.py
[13.334s] -- Up-to-date: /home/catscanners/Documents/find-my-kitten/ros2_ws/install/px4_ros_com/local/lib/python3.10/dist-packages/px4_ros_com/module_to_import.py
[13.403s] Listing '/home/catscanners/Documents/find-my-kitten/ros2_ws/install/px4_ros_com/local/lib/python3.10/dist-packages/px4_ros_com'...
[13.415s] -- Up-to-date: /home/catscanners/Documents/find-my-kitten/ros2_ws/install/px4_ros_com/lib/px4_ros_com/offboard_control.py
[13.416s] -- Up-to-date: /home/catscanners/Documents/find-my-kitten/ros2_ws/install/px4_ros_com/share/ament_index/resource_index/package_run_dependencies/px4_ros_com
[13.416s] -- Up-to-date: /home/catscanners/Documents/find-my-kitten/ros2_ws/install/px4_ros_com/share/ament_index/resource_index/parent_prefix_path/px4_ros_com
[13.416s] -- Up-to-date: /home/catscanners/Documents/find-my-kitten/ros2_ws/install/px4_ros_com/share/px4_ros_com/environment/ament_prefix_path.sh
[13.417s] -- Up-to-date: /home/catscanners/Documents/find-my-kitten/ros2_ws/install/px4_ros_com/share/px4_ros_com/environment/ament_prefix_path.dsv
[13.417s] -- Up-to-date: /home/catscanners/Documents/find-my-kitten/ros2_ws/install/px4_ros_com/share/px4_ros_com/environment/path.sh
[13.417s] -- Up-to-date: /home/catscanners/Documents/find-my-kitten/ros2_ws/install/px4_ros_com/share/px4_ros_com/environment/path.dsv
[13.417s] -- Up-to-date: /home/catscanners/Documents/find-my-kitten/ros2_ws/install/px4_ros_com/share/px4_ros_com/local_setup.bash
[13.418s] -- Up-to-date: /home/catscanners/Documents/find-my-kitten/ros2_ws/install/px4_ros_com/share/px4_ros_com/local_setup.sh
[13.418s] -- Up-to-date: /home/catscanners/Documents/find-my-kitten/ros2_ws/install/px4_ros_com/share/px4_ros_com/local_setup.zsh
[13.418s] -- Up-to-date: /home/catscanners/Documents/find-my-kitten/ros2_ws/install/px4_ros_com/share/px4_ros_com/local_setup.dsv
[13.418s] -- Installing: /home/catscanners/Documents/find-my-kitten/ros2_ws/install/px4_ros_com/share/px4_ros_com/package.dsv
[13.419s] -- Up-to-date: /home/catscanners/Documents/find-my-kitten/ros2_ws/install/px4_ros_com/share/ament_index/resource_index/packages/px4_ros_com
[13.419s] -- Up-to-date: /home/catscanners/Documents/find-my-kitten/ros2_ws/install/px4_ros_com/share/px4_ros_com/cmake/export_frame_transformsExport.cmake
[13.419s] -- Up-to-date: /home/catscanners/Documents/find-my-kitten/ros2_ws/install/px4_ros_com/share/px4_ros_com/cmake/export_frame_transformsExport-noconfig.cmake
[13.420s] -- Up-to-date: /home/catscanners/Documents/find-my-kitten/ros2_ws/install/px4_ros_com/share/px4_ros_com/cmake/ament_cmake_export_dependencies-extras.cmake
[13.420s] -- Up-to-date: /home/catscanners/Documents/find-my-kitten/ros2_ws/install/px4_ros_com/share/px4_ros_com/cmake/ament_cmake_export_targets-extras.cmake
[13.420s] -- Up-to-date: /home/catscanners/Documents/find-my-kitten/ros2_ws/install/px4_ros_com/share/px4_ros_com/cmake/ament_cmake_export_include_directories-extras.cmake
[13.420s] -- Up-to-date: /home/catscanners/Documents/find-my-kitten/ros2_ws/install/px4_ros_com/share/px4_ros_com/cmake/ament_cmake_export_libraries-extras.cmake
[13.420s] -- Up-to-date: /home/catscanners/Documents/find-my-kitten/ros2_ws/install/px4_ros_com/share/px4_ros_com/cmake/px4_ros_comConfig.cmake
[13.421s] -- Up-to-date: /home/catscanners/Documents/find-my-kitten/ros2_ws/install/px4_ros_com/share/px4_ros_com/cmake/px4_ros_comConfig-version.cmake
[13.421s] -- Up-to-date: /home/catscanners/Documents/find-my-kitten/ros2_ws/install/px4_ros_com/share/px4_ros_com/package.xml
[13.428s] Invoked command in '/home/catscanners/Documents/find-my-kitten/ros2_ws/build/px4_ros_com' returned '0': AMENT_PREFIX_PATH=/home/catscanners/Documents/find-my-kitten/ros2_ws/install/px4_msgs CMAKE_PREFIX_PATH=/home/catscanners/Documents/find-my-kitten/ros2_ws/install/px4_msgs LD_LIBRARY_PATH=/home/catscanners/Documents/find-my-kitten/ros2_ws/install/px4_msgs/lib PYTHONPATH=/home/catscanners/Documents/find-my-kitten/ros2_ws/install/px4_msgs/local/lib/python3.10/dist-packages /usr/bin/cmake --install /home/catscanners/Documents/find-my-kitten/ros2_ws/build/px4_ros_com
