[0.018s] Invoking command in '/home/catscanners/Documents/find-my-kitten/ros2_ws/build/offboard_takeoff_example': CMAKE_PREFIX_PATH=/opt/ros/humble /usr/bin/cmake /home/catscanners/Documents/find-my-kitten/ros2_ws/src/offboard_takeoff_example -DCMAKE_INSTALL_PREFIX=/home/catscanners/Documents/find-my-kitten/ros2_ws/install/offboard_takeoff_example
[0.122s] -- The C compiler identification is GNU 11.4.0
[0.249s] -- The CXX compiler identification is GNU 11.4.0
[0.272s] -- Detecting C compiler ABI info
[0.425s] -- Detecting C compiler ABI info - done
[0.451s] -- Check for working C compiler: /usr/bin/cc - skipped
[0.452s] -- Detecting C compile features
[0.454s] -- Detecting C compile features - done
[0.465s] -- Detecting CXX compiler ABI info
[0.641s] -- Detecting CXX compiler ABI info - done
[0.668s] -- Check for working CXX compiler: /usr/bin/c++ - skipped
[0.669s] -- Detecting CXX compile features
[0.671s] -- Detecting CXX compile features - done
[0.678s] -- Found ament_cmake: 1.3.11 (/opt/ros/humble/share/ament_cmake/cmake)
[1.531s] -- Found Python3: /usr/bin/python3 (found version "3.10.12") found components: Interpreter 
[1.740s] -- Found ament_lint_auto: 0.12.11 (/opt/ros/humble/share/ament_lint_auto/cmake)
[1.923s] -- Added test 'cppcheck' to perform static code analysis on C / C++ code
[1.923s] -- Configured cppcheck include dirs: 
[1.924s] -- Configured cppcheck exclude dirs and/or files: 
[1.925s] -- Added test 'lint_cmake' to check CMake code style
[1.928s] -- Added test 'uncrustify' to check C / C++ code style
[1.928s] -- Configured uncrustify additional arguments: 
[1.929s] -- Added test 'xmllint' to check XML markup files
[1.933s] -- Configuring done
[1.943s] -- Generating done
[1.948s] -- Build files have been written to: /home/catscanners/Documents/find-my-kitten/ros2_ws/build/offboard_takeoff_example
[1.961s] Invoked command in '/home/catscanners/Documents/find-my-kitten/ros2_ws/build/offboard_takeoff_example' returned '0': CMAKE_PREFIX_PATH=/opt/ros/humble /usr/bin/cmake /home/catscanners/Documents/find-my-kitten/ros2_ws/src/offboard_takeoff_example -DCMAKE_INSTALL_PREFIX=/home/catscanners/Documents/find-my-kitten/ros2_ws/install/offboard_takeoff_example
[1.964s] Invoking command in '/home/catscanners/Documents/find-my-kitten/ros2_ws/build/offboard_takeoff_example': CMAKE_PREFIX_PATH=/opt/ros/humble /usr/bin/cmake --build /home/catscanners/Documents/find-my-kitten/ros2_ws/build/offboard_takeoff_example -- -j6 -l6
[2.046s] Invoked command in '/home/catscanners/Documents/find-my-kitten/ros2_ws/build/offboard_takeoff_example' returned '0': CMAKE_PREFIX_PATH=/opt/ros/humble /usr/bin/cmake --build /home/catscanners/Documents/find-my-kitten/ros2_ws/build/offboard_takeoff_example -- -j6 -l6
[2.071s] Invoking command in '/home/catscanners/Documents/find-my-kitten/ros2_ws/build/offboard_takeoff_example': CMAKE_PREFIX_PATH=/opt/ros/humble /usr/bin/cmake --install /home/catscanners/Documents/find-my-kitten/ros2_ws/build/offboard_takeoff_example
[2.088s] -- Install configuration: ""
[2.088s] -- Installing: /home/catscanners/Documents/find-my-kitten/ros2_ws/install/offboard_takeoff_example/share/ament_index/resource_index/package_run_dependencies/offboard_takeoff_example
[2.089s] -- Installing: /home/catscanners/Documents/find-my-kitten/ros2_ws/install/offboard_takeoff_example/share/ament_index/resource_index/parent_prefix_path/offboard_takeoff_example
[2.089s] -- Installing: /home/catscanners/Documents/find-my-kitten/ros2_ws/install/offboard_takeoff_example/share/offboard_takeoff_example/environment/ament_prefix_path.sh
[2.090s] -- Installing: /home/catscanners/Documents/find-my-kitten/ros2_ws/install/offboard_takeoff_example/share/offboard_takeoff_example/environment/ament_prefix_path.dsv
[2.090s] -- Installing: /home/catscanners/Documents/find-my-kitten/ros2_ws/install/offboard_takeoff_example/share/offboard_takeoff_example/environment/path.sh
[2.090s] -- Installing: /home/catscanners/Documents/find-my-kitten/ros2_ws/install/offboard_takeoff_example/share/offboard_takeoff_example/environment/path.dsv
[2.091s] -- Installing: /home/catscanners/Documents/find-my-kitten/ros2_ws/install/offboard_takeoff_example/share/offboard_takeoff_example/local_setup.bash
[2.091s] -- Installing: /home/catscanners/Documents/find-my-kitten/ros2_ws/install/offboard_takeoff_example/share/offboard_takeoff_example/local_setup.sh
[2.091s] -- Installing: /home/catscanners/Documents/find-my-kitten/ros2_ws/install/offboard_takeoff_example/share/offboard_takeoff_example/local_setup.zsh
[2.092s] -- Installing: /home/catscanners/Documents/find-my-kitten/ros2_ws/install/offboard_takeoff_example/share/offboard_takeoff_example/local_setup.dsv
[2.092s] -- Installing: /home/catscanners/Documents/find-my-kitten/ros2_ws/install/offboard_takeoff_example/share/offboard_takeoff_example/package.dsv
[2.092s] -- Installing: /home/catscanners/Documents/find-my-kitten/ros2_ws/install/offboard_takeoff_example/share/ament_index/resource_index/packages/offboard_takeoff_example
[2.093s] -- Installing: /home/catscanners/Documents/find-my-kitten/ros2_ws/install/offboard_takeoff_example/share/offboard_takeoff_example/cmake/offboard_takeoff_exampleConfig.cmake
[2.093s] -- Installing: /home/catscanners/Documents/find-my-kitten/ros2_ws/install/offboard_takeoff_example/share/offboard_takeoff_example/cmake/offboard_takeoff_exampleConfig-version.cmake
[2.093s] -- Installing: /home/catscanners/Documents/find-my-kitten/ros2_ws/install/offboard_takeoff_example/share/offboard_takeoff_example/package.xml
[2.099s] Invoked command in '/home/catscanners/Documents/find-my-kitten/ros2_ws/build/offboard_takeoff_example' returned '0': CMAKE_PREFIX_PATH=/opt/ros/humble /usr/bin/cmake --install /home/catscanners/Documents/find-my-kitten/ros2_ws/build/offboard_takeoff_example
