[0.024s] Invoking command in '/home/catscanners/Documents/find-my-kitten/ros2_ws/build/offboard_takeoff_example': CMAKE_PREFIX_PATH=${CMAKE_PREFIX_PATH}:/home/catscanners/Documents/find-my-kitten/ros2_ws/install/py_pubsub:/opt/ros/humble /usr/bin/cmake --build /home/catscanners/Documents/find-my-kitten/ros2_ws/build/offboard_takeoff_example -- -j6 -l6
[0.070s] -- Found ament_cmake: 1.3.11 (/opt/ros/humble/share/ament_cmake/cmake)
[0.368s] -- Found mavros_msgs: 2.9.0 (/opt/ros/humble/share/mavros_msgs/cmake)
[0.426s] -- Found rosidl_generator_c: 3.1.6 (/opt/ros/humble/share/rosidl_generator_c/cmake)
[0.430s] -- Found rosidl_adapter: 3.1.6 (/opt/ros/humble/share/rosidl_adapter/cmake)
[0.442s] -- Found rosidl_generator_cpp: 3.1.6 (/opt/ros/humble/share/rosidl_generator_cpp/cmake)
[0.460s] -- Using all available rosidl_typesupport_c: rosidl_typesupport_fastrtps_c;rosidl_typesupport_introspection_c
[0.484s] -- Using all available rosidl_typesupport_cpp: rosidl_typesupport_fastrtps_cpp;rosidl_typesupport_introspection_cpp
[0.712s] [31mCMake Error at CMakeLists.txt:12 (find_package):
[0.712s]   By not providing "Findros.cmake" in CMAKE_MODULE_PATH this project has
[0.713s]   asked CMake to find a package configuration file provided by "ros", but
[0.713s]   CMake did not find one.
[0.713s] 
[0.713s]   Could not find a package configuration file provided by "ros" with any of
[0.714s]   the following names:
[0.714s] 
[0.714s]     rosConfig.cmake
[0.714s]     ros-config.cmake
[0.715s] 
[0.715s]   Add the installation prefix of "ros" to CMAKE_PREFIX_PATH or set "ros_DIR"
[0.715s]   to a directory containing one of the above files.  If "ros" provides a
[0.715s]   separate development package or SDK, be sure it has been installed.
[0.716s] 
[0.716s] [0m
[0.716s] -- Configuring incomplete, errors occurred!
[0.716s] See also "/home/catscanners/Documents/find-my-kitten/ros2_ws/build/offboard_takeoff_example/CMakeFiles/CMakeOutput.log".
[0.725s] gmake: *** [Makefile:267: cmake_check_build_system] Error 1
[0.731s] Invoked command in '/home/catscanners/Documents/find-my-kitten/ros2_ws/build/offboard_takeoff_example' returned '2': CMAKE_PREFIX_PATH=${CMAKE_PREFIX_PATH}:/home/catscanners/Documents/find-my-kitten/ros2_ws/install/py_pubsub:/opt/ros/humble /usr/bin/cmake --build /home/catscanners/Documents/find-my-kitten/ros2_ws/build/offboard_takeoff_example -- -j6 -l6
