[0.027s] Invoking command in '/home/catscanners/Documents/find-my-kitten/ros2_ws/build/offboard_takeoff_example': CMAKE_PREFIX_PATH=${CMAKE_PREFIX_PATH}:/home/catscanners/Documents/find-my-kitten/ros2_ws/install/py_pubsub:/opt/ros/humble /usr/bin/cmake --build /home/catscanners/Documents/find-my-kitten/ros2_ws/build/offboard_takeoff_example -- -j6 -l6
[0.076s] -- Found ament_cmake: 1.3.11 (/opt/ros/humble/share/ament_cmake/cmake)
[0.387s] -- Found mavros_msgs: 2.9.0 (/opt/ros/humble/share/mavros_msgs/cmake)
[0.440s] -- Found rosidl_generator_c: 3.1.6 (/opt/ros/humble/share/rosidl_generator_c/cmake)
[0.445s] -- Found rosidl_adapter: 3.1.6 (/opt/ros/humble/share/rosidl_adapter/cmake)
[0.457s] -- Found rosidl_generator_cpp: 3.1.6 (/opt/ros/humble/share/rosidl_generator_cpp/cmake)
[0.475s] -- Using all available rosidl_typesupport_c: rosidl_typesupport_fastrtps_c;rosidl_typesupport_introspection_c
[0.499s] -- Using all available rosidl_typesupport_cpp: rosidl_typesupport_fastrtps_cpp;rosidl_typesupport_introspection_cpp
[0.722s] [31mCMake Error at CMakeLists.txt:12 (find_package):
[0.722s]   By not providing "Findroscpp.cmake" in CMAKE_MODULE_PATH this project has
[0.722s]   asked CMake to find a package configuration file provided by "roscpp", but
[0.722s]   CMake did not find one.
[0.723s] 
[0.723s]   Could not find a package configuration file provided by "roscpp" with any
[0.723s]   of the following names:
[0.723s] 
[0.723s]     roscppConfig.cmake
[0.723s]     roscpp-config.cmake
[0.723s] 
[0.723s]   Add the installation prefix of "roscpp" to CMAKE_PREFIX_PATH or set
[0.724s]   "roscpp_DIR" to a directory containing one of the above files.  If "roscpp"
[0.724s]   provides a separate development package or SDK, be sure it has been
[0.724s]   installed.
[0.724s] 
[0.724s] [0m
[0.724s] -- Configuring incomplete, errors occurred!
[0.724s] See also "/home/catscanners/Documents/find-my-kitten/ros2_ws/build/offboard_takeoff_example/CMakeFiles/CMakeOutput.log".
[0.735s] gmake: *** [Makefile:267: cmake_check_build_system] Error 1
[0.740s] Invoked command in '/home/catscanners/Documents/find-my-kitten/ros2_ws/build/offboard_takeoff_example' returned '2': CMAKE_PREFIX_PATH=${CMAKE_PREFIX_PATH}:/home/catscanners/Documents/find-my-kitten/ros2_ws/install/py_pubsub:/opt/ros/humble /usr/bin/cmake --build /home/catscanners/Documents/find-my-kitten/ros2_ws/build/offboard_takeoff_example -- -j6 -l6
