[0.562s] Invoking command in '/home/catscanners/Documents/find-my-kitten/ros2_ws/build/ros2_nodes': CMAKE_PREFIX_PATH=${CMAKE_PREFIX_PATH}:/home/catscanners/Documents/find-my-kitten/ros2_ws/install/py_pubsub:/opt/ros/humble /usr/bin/cmake --build /home/catscanners/Documents/find-my-kitten/ros2_ws/build/ros2_nodes -- -j6 -l6
[0.637s] Invoked command in '/home/catscanners/Documents/find-my-kitten/ros2_ws/build/ros2_nodes' returned '0': CMAKE_PREFIX_PATH=${CMAKE_PREFIX_PATH}:/home/catscanners/Documents/find-my-kitten/ros2_ws/install/py_pubsub:/opt/ros/humble /usr/bin/cmake --build /home/catscanners/Documents/find-my-kitten/ros2_ws/build/ros2_nodes -- -j6 -l6
[0.662s] Invoking command in '/home/catscanners/Documents/find-my-kitten/ros2_ws/build/ros2_nodes': CMAKE_PREFIX_PATH=${CMAKE_PREFIX_PATH}:/home/catscanners/Documents/find-my-kitten/ros2_ws/install/py_pubsub:/opt/ros/humble /usr/bin/cmake --install /home/catscanners/Documents/find-my-kitten/ros2_ws/build/ros2_nodes
[0.681s] -- Install configuration: ""
[0.681s] -- Up-to-date: /home/catscanners/Documents/find-my-kitten/ros2_ws/install/ros2_nodes/share/ament_index/resource_index/package_run_dependencies/ros2_nodes
[0.681s] -- Up-to-date: /home/catscanners/Documents/find-my-kitten/ros2_ws/install/ros2_nodes/share/ament_index/resource_index/parent_prefix_path/ros2_nodes
[0.681s] -- Up-to-date: /home/catscanners/Documents/find-my-kitten/ros2_ws/install/ros2_nodes/share/ros2_nodes/environment/ament_prefix_path.sh
[0.681s] -- Up-to-date: /home/catscanners/Documents/find-my-kitten/ros2_ws/install/ros2_nodes/share/ros2_nodes/environment/ament_prefix_path.dsv
[0.681s] -- Up-to-date: /home/catscanners/Documents/find-my-kitten/ros2_ws/install/ros2_nodes/share/ros2_nodes/environment/path.sh
[0.682s] -- Up-to-date: /home/catscanners/Documents/find-my-kitten/ros2_ws/install/ros2_nodes/share/ros2_nodes/environment/path.dsv
[0.682s] -- Up-to-date: /home/catscanners/Documents/find-my-kitten/ros2_ws/install/ros2_nodes/share/ros2_nodes/local_setup.bash
[0.682s] -- Up-to-date: /home/catscanners/Documents/find-my-kitten/ros2_ws/install/ros2_nodes/share/ros2_nodes/local_setup.sh
[0.682s] -- Up-to-date: /home/catscanners/Documents/find-my-kitten/ros2_ws/install/ros2_nodes/share/ros2_nodes/local_setup.zsh
[0.682s] -- Up-to-date: /home/catscanners/Documents/find-my-kitten/ros2_ws/install/ros2_nodes/share/ros2_nodes/local_setup.dsv
[0.683s] -- Up-to-date: /home/catscanners/Documents/find-my-kitten/ros2_ws/install/ros2_nodes/share/ros2_nodes/package.dsv
[0.683s] -- Up-to-date: /home/catscanners/Documents/find-my-kitten/ros2_ws/install/ros2_nodes/share/ament_index/resource_index/packages/ros2_nodes
[0.683s] -- Up-to-date: /home/catscanners/Documents/find-my-kitten/ros2_ws/install/ros2_nodes/share/ros2_nodes/cmake/ros2_nodesConfig.cmake
[0.683s] -- Up-to-date: /home/catscanners/Documents/find-my-kitten/ros2_ws/install/ros2_nodes/share/ros2_nodes/cmake/ros2_nodesConfig-version.cmake
[0.683s] -- Up-to-date: /home/catscanners/Documents/find-my-kitten/ros2_ws/install/ros2_nodes/share/ros2_nodes/package.xml
[0.690s] Invoked command in '/home/catscanners/Documents/find-my-kitten/ros2_ws/build/ros2_nodes' returned '0': CMAKE_PREFIX_PATH=${CMAKE_PREFIX_PATH}:/home/catscanners/Documents/find-my-kitten/ros2_ws/install/py_pubsub:/opt/ros/humble /usr/bin/cmake --install /home/catscanners/Documents/find-my-kitten/ros2_ws/build/ros2_nodes
