[0.506s] [34mcolcon[0m [1;30mDEBUG[0m [32mCommand line arguments: ['/usr/bin/colcon', 'build', '--packages-select', 'px4_ros_com'][0m
[0.507s] [34mcolcon[0m [1;30mDEBUG[0m [32mParsed command line arguments: Namespace(log_base=None, log_level=None, verb_name='build', build_base='build', install_base='install', merge_install=False, symlink_install=False, test_result_base=None, continue_on_error=False, executor='parallel', parallel_workers=6, event_handlers=None, ignore_user_meta=False, metas=['./colcon.meta'], base_paths=['.'], packages_ignore=None, packages_ignore_regex=None, paths=None, packages_up_to=None, packages_up_to_regex=None, packages_above=None, packages_above_and_dependencies=None, packages_above_depth=None, packages_select_by_dep=None, packages_skip_by_dep=None, packages_skip_up_to=None, packages_select_build_failed=False, packages_skip_build_finished=False, packages_select_test_failures=False, packages_skip_test_passed=False, packages_select=['px4_ros_com'], packages_skip=None, packages_select_regex=None, packages_skip_regex=None, packages_start=None, packages_end=None, allow_overriding=[], cmake_args=None, cmake_target=None, cmake_target_skip_unavailable=False, cmake_clean_cache=False, cmake_clean_first=False, cmake_force_configure=False, ament_cmake_args=None, catkin_cmake_args=None, catkin_skip_building_tests=False, mixin_files=None, mixin=None, verb_parser=<colcon_mixin.mixin.mixin_argument.MixinArgumentDecorator object at 0xffff861fc790>, verb_extension=<colcon_core.verb.build.BuildVerb object at 0xffff861fc2e0>, main=<bound method BuildVerb.main of <colcon_core.verb.build.BuildVerb object at 0xffff861fc2e0>>, mixin_verb=('build',))[0m
[0.766s] [34mcolcon.colcon_core.package_discovery[0m [1;30mLevel 1[0m discover_packages(colcon_meta) check parameters
[0.767s] [34mcolcon.colcon_core.package_discovery[0m [1;30mLevel 1[0m discover_packages(recursive) check parameters
[0.767s] [34mcolcon.colcon_core.package_discovery[0m [1;30mLevel 1[0m discover_packages(ignore) check parameters
[0.767s] [34mcolcon.colcon_core.package_discovery[0m [1;30mLevel 1[0m discover_packages(path) check parameters
[0.767s] [34mcolcon.colcon_core.package_discovery[0m [1;30mLevel 1[0m discover_packages(colcon_meta) discover
[0.768s] [34mcolcon.colcon_core.package_discovery[0m [1;30mLevel 1[0m discover_packages(recursive) discover
[0.768s] [34mcolcon.colcon_core.package_discovery[0m [1;30mINFO[0m Crawling recursively for packages in '/home/catscanners/Documents/find-my-kitten/ros2_ws'
[0.769s] [34mcolcon.colcon_core.package_identification[0m [1;30mLevel 1[0m _identify(.) by extensions ['ignore', 'ignore_ament_install']
[0.769s] [34mcolcon.colcon_core.package_identification[0m [1;30mLevel 1[0m _identify(.) by extension 'ignore'
[0.769s] [34mcolcon.colcon_core.package_identification[0m [1;30mLevel 1[0m _identify(.) by extension 'ignore_ament_install'
[0.769s] [34mcolcon.colcon_core.package_identification[0m [1;30mLevel 1[0m _identify(.) by extensions ['colcon_pkg']
[0.770s] [34mcolcon.colcon_core.package_identification[0m [1;30mLevel 1[0m _identify(.) by extension 'colcon_pkg'
[0.770s] [34mcolcon.colcon_core.package_identification[0m [1;30mLevel 1[0m _identify(.) by extensions ['colcon_meta']
[0.770s] [34mcolcon.colcon_core.package_identification[0m [1;30mLevel 1[0m _identify(.) by extension 'colcon_meta'
[0.770s] [34mcolcon.colcon_core.package_identification[0m [1;30mLevel 1[0m _identify(.) by extensions ['ros']
[0.770s] [34mcolcon.colcon_core.package_identification[0m [1;30mLevel 1[0m _identify(.) by extension 'ros'
[0.830s] [34mcolcon.colcon_core.package_identification[0m [1;30mLevel 1[0m _identify(.) by extensions ['cmake', 'python']
[0.830s] [34mcolcon.colcon_core.package_identification[0m [1;30mLevel 1[0m _identify(.) by extension 'cmake'
[0.831s] [34mcolcon.colcon_core.package_identification[0m [1;30mLevel 1[0m _identify(.) by extension 'python'
[0.831s] [34mcolcon.colcon_core.package_identification[0m [1;30mLevel 1[0m _identify(.) by extensions ['python_setup_py']
[0.831s] [34mcolcon.colcon_core.package_identification[0m [1;30mLevel 1[0m _identify(.) by extension 'python_setup_py'
[0.831s] [34mcolcon.colcon_core.package_identification[0m [1;30mLevel 1[0m _identify(build) by extensions ['ignore', 'ignore_ament_install']
[0.832s] [34mcolcon.colcon_core.package_identification[0m [1;30mLevel 1[0m _identify(build) by extension 'ignore'
[0.832s] [34mcolcon.colcon_core.package_identification[0m [1;30mLevel 1[0m _identify(build) ignored
[0.832s] [34mcolcon.colcon_core.package_identification[0m [1;30mLevel 1[0m _identify(install) by extensions ['ignore', 'ignore_ament_install']
[0.832s] [34mcolcon.colcon_core.package_identification[0m [1;30mLevel 1[0m _identify(install) by extension 'ignore'
[0.832s] [34mcolcon.colcon_core.package_identification[0m [1;30mLevel 1[0m _identify(install) ignored
[0.833s] [34mcolcon.colcon_core.package_identification[0m [1;30mLevel 1[0m _identify(log) by extensions ['ignore', 'ignore_ament_install']
[0.833s] [34mcolcon.colcon_core.package_identification[0m [1;30mLevel 1[0m _identify(log) by extension 'ignore'
[0.833s] [34mcolcon.colcon_core.package_identification[0m [1;30mLevel 1[0m _identify(log) ignored
[0.833s] [34mcolcon.colcon_core.package_identification[0m [1;30mLevel 1[0m _identify(src) by extensions ['ignore', 'ignore_ament_install']
[0.834s] [34mcolcon.colcon_core.package_identification[0m [1;30mLevel 1[0m _identify(src) by extension 'ignore'
[0.834s] [34mcolcon.colcon_core.package_identification[0m [1;30mLevel 1[0m _identify(src) by extension 'ignore_ament_install'
[0.834s] [34mcolcon.colcon_core.package_identification[0m [1;30mLevel 1[0m _identify(src) by extensions ['colcon_pkg']
[0.834s] [34mcolcon.colcon_core.package_identification[0m [1;30mLevel 1[0m _identify(src) by extension 'colcon_pkg'
[0.834s] [34mcolcon.colcon_core.package_identification[0m [1;30mLevel 1[0m _identify(src) by extensions ['colcon_meta']
[0.834s] [34mcolcon.colcon_core.package_identification[0m [1;30mLevel 1[0m _identify(src) by extension 'colcon_meta'
[0.834s] [34mcolcon.colcon_core.package_identification[0m [1;30mLevel 1[0m _identify(src) by extensions ['ros']
[0.835s] [34mcolcon.colcon_core.package_identification[0m [1;30mLevel 1[0m _identify(src) by extension 'ros'
[0.835s] [34mcolcon.colcon_core.package_identification[0m [1;30mLevel 1[0m _identify(src) by extensions ['cmake', 'python']
[0.835s] [34mcolcon.colcon_core.package_identification[0m [1;30mLevel 1[0m _identify(src) by extension 'cmake'
[0.835s] [34mcolcon.colcon_core.package_identification[0m [1;30mLevel 1[0m _identify(src) by extension 'python'
[0.835s] [34mcolcon.colcon_core.package_identification[0m [1;30mLevel 1[0m _identify(src) by extensions ['python_setup_py']
[0.835s] [34mcolcon.colcon_core.package_identification[0m [1;30mLevel 1[0m _identify(src) by extension 'python_setup_py'
[0.835s] [34mcolcon.colcon_core.package_identification[0m [1;30mLevel 1[0m _identify(src/px4_msgs) by extensions ['ignore', 'ignore_ament_install']
[0.836s] [34mcolcon.colcon_core.package_identification[0m [1;30mLevel 1[0m _identify(src/px4_msgs) by extension 'ignore'
[0.836s] [34mcolcon.colcon_core.package_identification[0m [1;30mLevel 1[0m _identify(src/px4_msgs) by extension 'ignore_ament_install'
[0.836s] [34mcolcon.colcon_core.package_identification[0m [1;30mLevel 1[0m _identify(src/px4_msgs) by extensions ['colcon_pkg']
[0.836s] [34mcolcon.colcon_core.package_identification[0m [1;30mLevel 1[0m _identify(src/px4_msgs) by extension 'colcon_pkg'
[0.836s] [34mcolcon.colcon_core.package_identification[0m [1;30mLevel 1[0m _identify(src/px4_msgs) by extensions ['colcon_meta']
[0.836s] [34mcolcon.colcon_core.package_identification[0m [1;30mLevel 1[0m _identify(src/px4_msgs) by extension 'colcon_meta'
[0.836s] [34mcolcon.colcon_core.package_identification[0m [1;30mLevel 1[0m _identify(src/px4_msgs) by extensions ['ros']
[0.837s] [34mcolcon.colcon_core.package_identification[0m [1;30mLevel 1[0m _identify(src/px4_msgs) by extension 'ros'
[0.846s] [34mcolcon.colcon_core.package_identification[0m [1;30mDEBUG[0m [32mPackage 'src/px4_msgs' with type 'ros.ament_cmake' and name 'px4_msgs'[0m
[0.847s] [34mcolcon.colcon_core.package_identification[0m [1;30mLevel 1[0m _identify(src/px4_ros_com) by extensions ['ignore', 'ignore_ament_install']
[0.847s] [34mcolcon.colcon_core.package_identification[0m [1;30mLevel 1[0m _identify(src/px4_ros_com) by extension 'ignore'
[0.848s] [34mcolcon.colcon_core.package_identification[0m [1;30mLevel 1[0m _identify(src/px4_ros_com) by extension 'ignore_ament_install'
[0.848s] [34mcolcon.colcon_core.package_identification[0m [1;30mLevel 1[0m _identify(src/px4_ros_com) by extensions ['colcon_pkg']
[0.848s] [34mcolcon.colcon_core.package_identification[0m [1;30mLevel 1[0m _identify(src/px4_ros_com) by extension 'colcon_pkg'
[0.848s] [34mcolcon.colcon_core.package_identification[0m [1;30mLevel 1[0m _identify(src/px4_ros_com) by extensions ['colcon_meta']
[0.848s] [34mcolcon.colcon_core.package_identification[0m [1;30mLevel 1[0m _identify(src/px4_ros_com) by extension 'colcon_meta'
[0.848s] [34mcolcon.colcon_core.package_identification[0m [1;30mLevel 1[0m _identify(src/px4_ros_com) by extensions ['ros']
[0.848s] [34mcolcon.colcon_core.package_identification[0m [1;30mLevel 1[0m _identify(src/px4_ros_com) by extension 'ros'
[0.852s] [34mcolcon.colcon_core.package_identification[0m [1;30mDEBUG[0m [32mPackage 'src/px4_ros_com' with type 'ros.ament_cmake' and name 'px4_ros_com'[0m
[0.852s] [34mcolcon.colcon_core.package_identification[0m [1;30mLevel 1[0m _identify(src/py_pubsub) by extensions ['ignore', 'ignore_ament_install']
[0.852s] [34mcolcon.colcon_core.package_identification[0m [1;30mLevel 1[0m _identify(src/py_pubsub) by extension 'ignore'
[0.853s] [34mcolcon.colcon_core.package_identification[0m [1;30mLevel 1[0m _identify(src/py_pubsub) by extension 'ignore_ament_install'
[0.853s] [34mcolcon.colcon_core.package_identification[0m [1;30mLevel 1[0m _identify(src/py_pubsub) by extensions ['colcon_pkg']
[0.853s] [34mcolcon.colcon_core.package_identification[0m [1;30mLevel 1[0m _identify(src/py_pubsub) by extension 'colcon_pkg'
[0.853s] [34mcolcon.colcon_core.package_identification[0m [1;30mLevel 1[0m _identify(src/py_pubsub) by extensions ['colcon_meta']
[0.853s] [34mcolcon.colcon_core.package_identification[0m [1;30mLevel 1[0m _identify(src/py_pubsub) by extension 'colcon_meta'
[0.853s] [34mcolcon.colcon_core.package_identification[0m [1;30mLevel 1[0m _identify(src/py_pubsub) by extensions ['ros']
[0.853s] [34mcolcon.colcon_core.package_identification[0m [1;30mLevel 1[0m _identify(src/py_pubsub) by extension 'ros'
[0.855s] [34mcolcon.colcon_core.package_identification[0m [1;30mDEBUG[0m [32mPackage 'src/py_pubsub' with type 'ros.ament_python' and name 'py_pubsub'[0m
[0.855s] [34mcolcon.colcon_core.package_identification[0m [1;30mLevel 1[0m _identify(src/ros2_nodes) by extensions ['ignore', 'ignore_ament_install']
[0.856s] [34mcolcon.colcon_core.package_identification[0m [1;30mLevel 1[0m _identify(src/ros2_nodes) by extension 'ignore'
[0.856s] [34mcolcon.colcon_core.package_identification[0m [1;30mLevel 1[0m _identify(src/ros2_nodes) by extension 'ignore_ament_install'
[0.856s] [34mcolcon.colcon_core.package_identification[0m [1;30mLevel 1[0m _identify(src/ros2_nodes) by extensions ['colcon_pkg']
[0.856s] [34mcolcon.colcon_core.package_identification[0m [1;30mLevel 1[0m _identify(src/ros2_nodes) by extension 'colcon_pkg'
[0.856s] [34mcolcon.colcon_core.package_identification[0m [1;30mLevel 1[0m _identify(src/ros2_nodes) by extensions ['colcon_meta']
[0.856s] [34mcolcon.colcon_core.package_identification[0m [1;30mLevel 1[0m _identify(src/ros2_nodes) by extension 'colcon_meta'
[0.856s] [34mcolcon.colcon_core.package_identification[0m [1;30mLevel 1[0m _identify(src/ros2_nodes) by extensions ['ros']
[0.856s] [34mcolcon.colcon_core.package_identification[0m [1;30mLevel 1[0m _identify(src/ros2_nodes) by extension 'ros'
[0.858s] [34mcolcon.colcon_core.package_identification[0m [1;30mDEBUG[0m [32mPackage 'src/ros2_nodes' with type 'ros.ament_cmake' and name 'ros2_nodes'[0m
[0.858s] [34mcolcon.colcon_core.package_discovery[0m [1;30mLevel 1[0m discover_packages(recursive) using defaults
[0.858s] [34mcolcon.colcon_core.package_discovery[0m [1;30mLevel 1[0m discover_packages(ignore) discover
[0.858s] [34mcolcon.colcon_core.package_discovery[0m [1;30mLevel 1[0m discover_packages(ignore) using defaults
[0.859s] [34mcolcon.colcon_core.package_discovery[0m [1;30mLevel 1[0m discover_packages(path) discover
[0.859s] [34mcolcon.colcon_core.package_discovery[0m [1;30mLevel 1[0m discover_packages(path) using defaults
[0.916s] [34mcolcon.colcon_core.package_selection[0m [1;30mINFO[0m Skipping not selected package 'px4_msgs' in 'src/px4_msgs'
[0.916s] [34mcolcon.colcon_core.package_selection[0m [1;30mINFO[0m Skipping not selected package 'py_pubsub' in 'src/py_pubsub'
[0.917s] [34mcolcon.colcon_core.package_selection[0m [1;30mINFO[0m Skipping not selected package 'ros2_nodes' in 'src/ros2_nodes'
[0.919s] [34mcolcon.colcon_core.package_discovery[0m [1;30mLevel 1[0m discover_packages(prefix_path) check parameters
[0.919s] [34mcolcon.colcon_core.package_discovery[0m [1;30mLevel 1[0m discover_packages(prefix_path) discover
[0.925s] [34mcolcon.colcon_core.package_discovery[0m [1;30mLevel 1[0m discover_packages(prefix_path) using defaults
[0.928s] [34mcolcon.colcon_core.verb[0m [1;30mLevel 5[0m set package 'px4_ros_com' build argument 'cmake_args' from command line to 'None'
[0.929s] [34mcolcon.colcon_core.verb[0m [1;30mLevel 5[0m set package 'px4_ros_com' build argument 'cmake_target' from command line to 'None'
[0.929s] [34mcolcon.colcon_core.verb[0m [1;30mLevel 5[0m set package 'px4_ros_com' build argument 'cmake_target_skip_unavailable' from command line to 'False'
[0.929s] [34mcolcon.colcon_core.verb[0m [1;30mLevel 5[0m set package 'px4_ros_com' build argument 'cmake_clean_cache' from command line to 'False'
[0.929s] [34mcolcon.colcon_core.verb[0m [1;30mLevel 5[0m set package 'px4_ros_com' build argument 'cmake_clean_first' from command line to 'False'
[0.929s] [34mcolcon.colcon_core.verb[0m [1;30mLevel 5[0m set package 'px4_ros_com' build argument 'cmake_force_configure' from command line to 'False'
[0.929s] [34mcolcon.colcon_core.verb[0m [1;30mLevel 5[0m set package 'px4_ros_com' build argument 'ament_cmake_args' from command line to 'None'
[0.929s] [34mcolcon.colcon_core.verb[0m [1;30mLevel 5[0m set package 'px4_ros_com' build argument 'catkin_cmake_args' from command line to 'None'
[0.929s] [34mcolcon.colcon_core.verb[0m [1;30mLevel 5[0m set package 'px4_ros_com' build argument 'catkin_skip_building_tests' from command line to 'False'
[0.929s] [34mcolcon.colcon_core.verb[0m [1;30mDEBUG[0m [32mBuilding package 'px4_ros_com' with the following arguments: {'ament_cmake_args': None, 'build_base': '/home/catscanners/Documents/find-my-kitten/ros2_ws/build/px4_ros_com', 'catkin_cmake_args': None, 'catkin_skip_building_tests': False, 'cmake_args': None, 'cmake_clean_cache': False, 'cmake_clean_first': False, 'cmake_force_configure': False, 'cmake_target': None, 'cmake_target_skip_unavailable': False, 'install_base': '/home/catscanners/Documents/find-my-kitten/ros2_ws/install/px4_ros_com', 'merge_install': False, 'path': '/home/catscanners/Documents/find-my-kitten/ros2_ws/src/px4_ros_com', 'symlink_install': False, 'test_result_base': None}[0m
[0.930s] [34mcolcon.colcon_core.executor[0m [1;30mINFO[0m Executing jobs using 'parallel' executor
[0.932s] [34mcolcon.colcon_parallel_executor.executor.parallel[0m [1;30mDEBUG[0m [32mrun_until_complete[0m
[0.932s] [34mcolcon.colcon_ros.task.ament_cmake.build[0m [1;30mINFO[0m Building ROS package in '/home/catscanners/Documents/find-my-kitten/ros2_ws/src/px4_ros_com' with build type 'ament_cmake'
[0.933s] [34mcolcon.colcon_cmake.task.cmake.build[0m [1;30mINFO[0m Building CMake package in '/home/catscanners/Documents/find-my-kitten/ros2_ws/src/px4_ros_com'
[0.947s] [34mcolcon.colcon_core.plugin_system[0m [1;30mINFO[0m Skipping extension 'colcon_core.shell.bat': Not used on non-Windows systems
[0.948s] [34mcolcon.colcon_core.shell[0m [1;30mINFO[0m Skip shell extension 'powershell' for command environment: Not usable outside of PowerShell
[0.948s] [34mcolcon.colcon_core.shell[0m [1;30mDEBUG[0m [32mSkip shell extension 'dsv' for command environment[0m
[0.970s] [34mcolcon.colcon_core.event_handler.log_command[0m [1;30mDEBUG[0m [32mInvoking command in '/home/catscanners/Documents/find-my-kitten/ros2_ws/build/px4_ros_com': AMENT_PREFIX_PATH=/home/catscanners/Documents/find-my-kitten/ros2_ws/install/px4_msgs CMAKE_PREFIX_PATH=/home/catscanners/Documents/find-my-kitten/ros2_ws/install/px4_msgs LD_LIBRARY_PATH=/home/catscanners/Documents/find-my-kitten/ros2_ws/install/px4_msgs/lib PYTHONPATH=/home/catscanners/Documents/find-my-kitten/ros2_ws/install/px4_msgs/local/lib/python3.10/dist-packages /usr/bin/cmake --build /home/catscanners/Documents/find-my-kitten/ros2_ws/build/px4_ros_com -- -j6 -l6[0m
[14.209s] [34mcolcon.colcon_core.event_handler.log_command[0m [1;30mDEBUG[0m [32mInvoked command in '/home/catscanners/Documents/find-my-kitten/ros2_ws/build/px4_ros_com' returned '0': AMENT_PREFIX_PATH=/home/catscanners/Documents/find-my-kitten/ros2_ws/install/px4_msgs CMAKE_PREFIX_PATH=/home/catscanners/Documents/find-my-kitten/ros2_ws/install/px4_msgs LD_LIBRARY_PATH=/home/catscanners/Documents/find-my-kitten/ros2_ws/install/px4_msgs/lib PYTHONPATH=/home/catscanners/Documents/find-my-kitten/ros2_ws/install/px4_msgs/local/lib/python3.10/dist-packages /usr/bin/cmake --build /home/catscanners/Documents/find-my-kitten/ros2_ws/build/px4_ros_com -- -j6 -l6[0m
[14.235s] [34mcolcon.colcon_core.event_handler.log_command[0m [1;30mDEBUG[0m [32mInvoking command in '/home/catscanners/Documents/find-my-kitten/ros2_ws/build/px4_ros_com': AMENT_PREFIX_PATH=/home/catscanners/Documents/find-my-kitten/ros2_ws/install/px4_msgs CMAKE_PREFIX_PATH=/home/catscanners/Documents/find-my-kitten/ros2_ws/install/px4_msgs LD_LIBRARY_PATH=/home/catscanners/Documents/find-my-kitten/ros2_ws/install/px4_msgs/lib PYTHONPATH=/home/catscanners/Documents/find-my-kitten/ros2_ws/install/px4_msgs/local/lib/python3.10/dist-packages /usr/bin/cmake --install /home/catscanners/Documents/find-my-kitten/ros2_ws/build/px4_ros_com[0m
[14.360s] [34mcolcon.colcon_core.environment[0m [1;30mLevel 1[0m create_environment_scripts_only(px4_ros_com)
[14.363s] [34mcolcon.colcon_core.event_handler.log_command[0m [1;30mDEBUG[0m [32mInvoked command in '/home/catscanners/Documents/find-my-kitten/ros2_ws/build/px4_ros_com' returned '0': AMENT_PREFIX_PATH=/home/catscanners/Documents/find-my-kitten/ros2_ws/install/px4_msgs CMAKE_PREFIX_PATH=/home/catscanners/Documents/find-my-kitten/ros2_ws/install/px4_msgs LD_LIBRARY_PATH=/home/catscanners/Documents/find-my-kitten/ros2_ws/install/px4_msgs/lib PYTHONPATH=/home/catscanners/Documents/find-my-kitten/ros2_ws/install/px4_msgs/local/lib/python3.10/dist-packages /usr/bin/cmake --install /home/catscanners/Documents/find-my-kitten/ros2_ws/build/px4_ros_com[0m
[14.384s] [34mcolcon.colcon_core.environment[0m [1;30mLevel 1[0m checking '/home/catscanners/Documents/find-my-kitten/ros2_ws/install/px4_ros_com' for CMake module files
[14.387s] [34mcolcon.colcon_core.environment[0m [1;30mLevel 1[0m checking '/home/catscanners/Documents/find-my-kitten/ros2_ws/install/px4_ros_com' for CMake config files
[14.389s] [34mcolcon.colcon_core.shell[0m [1;30mLevel 1[0m create_environment_hook('px4_ros_com', 'cmake_prefix_path')
[14.390s] [34mcolcon.colcon_core.shell[0m [1;30mINFO[0m Creating environment hook '/home/catscanners/Documents/find-my-kitten/ros2_ws/install/px4_ros_com/share/px4_ros_com/hook/cmake_prefix_path.ps1'
[14.395s] [34mcolcon.colcon_core.shell[0m [1;30mINFO[0m Creating environment descriptor '/home/catscanners/Documents/find-my-kitten/ros2_ws/install/px4_ros_com/share/px4_ros_com/hook/cmake_prefix_path.dsv'
[14.400s] [34mcolcon.colcon_core.shell[0m [1;30mINFO[0m Creating environment hook '/home/catscanners/Documents/find-my-kitten/ros2_ws/install/px4_ros_com/share/px4_ros_com/hook/cmake_prefix_path.sh'
[14.404s] [34mcolcon.colcon_core.environment[0m [1;30mLevel 1[0m checking '/home/catscanners/Documents/find-my-kitten/ros2_ws/install/px4_ros_com/lib'
[14.404s] [34mcolcon.colcon_core.shell[0m [1;30mLevel 1[0m create_environment_hook('px4_ros_com', 'ld_library_path_lib')
[14.405s] [34mcolcon.colcon_core.shell[0m [1;30mINFO[0m Creating environment hook '/home/catscanners/Documents/find-my-kitten/ros2_ws/install/px4_ros_com/share/px4_ros_com/hook/ld_library_path_lib.ps1'
[14.412s] [34mcolcon.colcon_core.shell[0m [1;30mINFO[0m Creating environment descriptor '/home/catscanners/Documents/find-my-kitten/ros2_ws/install/px4_ros_com/share/px4_ros_com/hook/ld_library_path_lib.dsv'
[14.414s] [34mcolcon.colcon_core.shell[0m [1;30mINFO[0m Creating environment hook '/home/catscanners/Documents/find-my-kitten/ros2_ws/install/px4_ros_com/share/px4_ros_com/hook/ld_library_path_lib.sh'
[14.416s] [34mcolcon.colcon_core.environment[0m [1;30mLevel 1[0m checking '/home/catscanners/Documents/find-my-kitten/ros2_ws/install/px4_ros_com/bin'
[14.417s] [34mcolcon.colcon_core.environment[0m [1;30mLevel 1[0m checking '/home/catscanners/Documents/find-my-kitten/ros2_ws/install/px4_ros_com/lib/pkgconfig/px4_ros_com.pc'
[14.421s] [34mcolcon.colcon_core.environment[0m [1;30mLevel 1[0m checking '/home/catscanners/Documents/find-my-kitten/ros2_ws/install/px4_ros_com/lib/python3.10/site-packages'
[14.422s] [34mcolcon.colcon_core.environment[0m [1;30mLevel 1[0m checking '/home/catscanners/Documents/find-my-kitten/ros2_ws/install/px4_ros_com/bin'
[14.423s] [34mcolcon.colcon_core.shell[0m [1;30mINFO[0m Creating package script '/home/catscanners/Documents/find-my-kitten/ros2_ws/install/px4_ros_com/share/px4_ros_com/package.ps1'
[14.426s] [34mcolcon.colcon_core.shell[0m [1;30mINFO[0m Creating package descriptor '/home/catscanners/Documents/find-my-kitten/ros2_ws/install/px4_ros_com/share/px4_ros_com/package.dsv'
[14.429s] [34mcolcon.colcon_core.shell[0m [1;30mINFO[0m Creating package script '/home/catscanners/Documents/find-my-kitten/ros2_ws/install/px4_ros_com/share/px4_ros_com/package.sh'
[14.433s] [34mcolcon.colcon_core.shell[0m [1;30mINFO[0m Creating package script '/home/catscanners/Documents/find-my-kitten/ros2_ws/install/px4_ros_com/share/px4_ros_com/package.bash'
[14.437s] [34mcolcon.colcon_core.shell[0m [1;30mINFO[0m Creating package script '/home/catscanners/Documents/find-my-kitten/ros2_ws/install/px4_ros_com/share/px4_ros_com/package.zsh'
[14.441s] [34mcolcon.colcon_core.environment[0m [1;30mLevel 1[0m create_file_with_runtime_dependencies(/home/catscanners/Documents/find-my-kitten/ros2_ws/install/px4_ros_com/share/colcon-core/packages/px4_ros_com)
[14.444s] [34mcolcon.colcon_core.environment[0m [1;30mLevel 1[0m create_environment_scripts_only(px4_ros_com)
[14.444s] [34mcolcon.colcon_core.environment[0m [1;30mLevel 1[0m checking '/home/catscanners/Documents/find-my-kitten/ros2_ws/install/px4_ros_com' for CMake module files
[14.446s] [34mcolcon.colcon_core.environment[0m [1;30mLevel 1[0m checking '/home/catscanners/Documents/find-my-kitten/ros2_ws/install/px4_ros_com' for CMake config files
[14.448s] [34mcolcon.colcon_core.shell[0m [1;30mLevel 1[0m create_environment_hook('px4_ros_com', 'cmake_prefix_path')
[14.449s] [34mcolcon.colcon_core.shell[0m [1;30mINFO[0m Creating environment hook '/home/catscanners/Documents/find-my-kitten/ros2_ws/install/px4_ros_com/share/px4_ros_com/hook/cmake_prefix_path.ps1'
[14.451s] [34mcolcon.colcon_core.shell[0m [1;30mINFO[0m Creating environment descriptor '/home/catscanners/Documents/find-my-kitten/ros2_ws/install/px4_ros_com/share/px4_ros_com/hook/cmake_prefix_path.dsv'
[14.452s] [34mcolcon.colcon_core.shell[0m [1;30mINFO[0m Creating environment hook '/home/catscanners/Documents/find-my-kitten/ros2_ws/install/px4_ros_com/share/px4_ros_com/hook/cmake_prefix_path.sh'
[14.454s] [34mcolcon.colcon_core.environment[0m [1;30mLevel 1[0m checking '/home/catscanners/Documents/find-my-kitten/ros2_ws/install/px4_ros_com/lib'
[14.454s] [34mcolcon.colcon_core.shell[0m [1;30mLevel 1[0m create_environment_hook('px4_ros_com', 'ld_library_path_lib')
[14.455s] [34mcolcon.colcon_core.shell[0m [1;30mINFO[0m Creating environment hook '/home/catscanners/Documents/find-my-kitten/ros2_ws/install/px4_ros_com/share/px4_ros_com/hook/ld_library_path_lib.ps1'
[14.457s] [34mcolcon.colcon_core.shell[0m [1;30mINFO[0m Creating environment descriptor '/home/catscanners/Documents/find-my-kitten/ros2_ws/install/px4_ros_com/share/px4_ros_com/hook/ld_library_path_lib.dsv'
[14.458s] [34mcolcon.colcon_core.shell[0m [1;30mINFO[0m Creating environment hook '/home/catscanners/Documents/find-my-kitten/ros2_ws/install/px4_ros_com/share/px4_ros_com/hook/ld_library_path_lib.sh'
[14.459s] [34mcolcon.colcon_core.environment[0m [1;30mLevel 1[0m checking '/home/catscanners/Documents/find-my-kitten/ros2_ws/install/px4_ros_com/bin'
[14.459s] [34mcolcon.colcon_core.environment[0m [1;30mLevel 1[0m checking '/home/catscanners/Documents/find-my-kitten/ros2_ws/install/px4_ros_com/lib/pkgconfig/px4_ros_com.pc'
[14.460s] [34mcolcon.colcon_core.environment[0m [1;30mLevel 1[0m checking '/home/catscanners/Documents/find-my-kitten/ros2_ws/install/px4_ros_com/lib/python3.10/site-packages'
[14.461s] [34mcolcon.colcon_core.environment[0m [1;30mLevel 1[0m checking '/home/catscanners/Documents/find-my-kitten/ros2_ws/install/px4_ros_com/bin'
[14.462s] [34mcolcon.colcon_core.shell[0m [1;30mINFO[0m Creating package script '/home/catscanners/Documents/find-my-kitten/ros2_ws/install/px4_ros_com/share/px4_ros_com/package.ps1'
[14.464s] [34mcolcon.colcon_core.shell[0m [1;30mINFO[0m Creating package descriptor '/home/catscanners/Documents/find-my-kitten/ros2_ws/install/px4_ros_com/share/px4_ros_com/package.dsv'
[14.465s] [34mcolcon.colcon_core.shell[0m [1;30mINFO[0m Creating package script '/home/catscanners/Documents/find-my-kitten/ros2_ws/install/px4_ros_com/share/px4_ros_com/package.sh'
[14.467s] [34mcolcon.colcon_core.shell[0m [1;30mINFO[0m Creating package script '/home/catscanners/Documents/find-my-kitten/ros2_ws/install/px4_ros_com/share/px4_ros_com/package.bash'
[14.469s] [34mcolcon.colcon_core.shell[0m [1;30mINFO[0m Creating package script '/home/catscanners/Documents/find-my-kitten/ros2_ws/install/px4_ros_com/share/px4_ros_com/package.zsh'
[14.470s] [34mcolcon.colcon_core.environment[0m [1;30mLevel 1[0m create_file_with_runtime_dependencies(/home/catscanners/Documents/find-my-kitten/ros2_ws/install/px4_ros_com/share/colcon-core/packages/px4_ros_com)
[14.471s] [34mcolcon.colcon_parallel_executor.executor.parallel[0m [1;30mDEBUG[0m [32mclosing loop[0m
[14.472s] [34mcolcon.colcon_parallel_executor.executor.parallel[0m [1;30mDEBUG[0m [32mloop closed[0m
[14.473s] [34mcolcon.colcon_parallel_executor.executor.parallel[0m [1;30mDEBUG[0m [32mrun_until_complete finished with '0'[0m
[14.473s] [34mcolcon.colcon_core.event_reactor[0m [1;30mDEBUG[0m [32mjoining thread[0m
[14.491s] [34mcolcon.colcon_core.plugin_system[0m [1;30mINFO[0m Skipping extension 'colcon_notification.desktop_notification.terminal_notifier': Not used on non-Darwin systems
[14.492s] [34mcolcon.colcon_core.plugin_system[0m [1;30mINFO[0m Skipping extension 'colcon_notification.desktop_notification.win32': Not used on non-Windows systems
[14.492s] [34mcolcon.colcon_notification.desktop_notification[0m [1;30mINFO[0m Sending desktop notification using 'notify2'
[14.492s] [34mcolcon.colcon_notification.desktop_notification.notify2[0m [1;30mDEBUG[0m [32mFailed to initialize notify2: org.freedesktop.DBus.Error.NotSupported: Unable to autolaunch a dbus-daemon without a $DISPLAY for X11[0m
[14.493s] [34mcolcon.colcon_core.event_reactor[0m [1;30mDEBUG[0m [32mjoined thread[0m
[14.494s] [34mcolcon.colcon_core.shell[0m [1;30mINFO[0m Creating prefix script '/home/catscanners/Documents/find-my-kitten/ros2_ws/install/local_setup.ps1'
[14.498s] [34mcolcon.colcon_core.shell[0m [1;30mINFO[0m Creating prefix util module '/home/catscanners/Documents/find-my-kitten/ros2_ws/install/_local_setup_util_ps1.py'
[14.503s] [34mcolcon.colcon_core.shell[0m [1;30mINFO[0m Creating prefix chain script '/home/catscanners/Documents/find-my-kitten/ros2_ws/install/setup.ps1'
[14.507s] [34mcolcon.colcon_core.shell[0m [1;30mINFO[0m Creating prefix script '/home/catscanners/Documents/find-my-kitten/ros2_ws/install/local_setup.sh'
[14.510s] [34mcolcon.colcon_core.shell[0m [1;30mINFO[0m Creating prefix util module '/home/catscanners/Documents/find-my-kitten/ros2_ws/install/_local_setup_util_sh.py'
[14.512s] [34mcolcon.colcon_core.shell[0m [1;30mINFO[0m Creating prefix chain script '/home/catscanners/Documents/find-my-kitten/ros2_ws/install/setup.sh'
[14.516s] [34mcolcon.colcon_core.shell[0m [1;30mINFO[0m Creating prefix script '/home/catscanners/Documents/find-my-kitten/ros2_ws/install/local_setup.bash'
[14.519s] [34mcolcon.colcon_core.shell[0m [1;30mINFO[0m Creating prefix chain script '/home/catscanners/Documents/find-my-kitten/ros2_ws/install/setup.bash'
[14.521s] [34mcolcon.colcon_core.shell[0m [1;30mINFO[0m Creating prefix script '/home/catscanners/Documents/find-my-kitten/ros2_ws/install/local_setup.zsh'
[14.523s] [34mcolcon.colcon_core.shell[0m [1;30mINFO[0m Creating prefix chain script '/home/catscanners/Documents/find-my-kitten/ros2_ws/install/setup.zsh'
