[0.244s] colcon DEBUG Command line arguments: ['/usr/bin/colcon', 'list', '-p', '--base-paths', '/home/catscanners/Documents/find-my-kitten/ros2_ws']
[0.245s] colcon DEBUG Parsed command line arguments: Namespace(log_base=None, log_level=None, verb_name='list', build_base='build', ignore_user_meta=False, metas=['./colcon.meta'], base_paths=['/home/catscanners/Documents/find-my-kitten/ros2_ws'], packages_ignore=None, packages_ignore_regex=None, paths=None, packages_up_to=None, packages_up_to_regex=None, packages_above=None, packages_above_and_dependencies=None, packages_above_depth=None, packages_select_by_dep=None, packages_skip_by_dep=None, packages_skip_up_to=None, packages_select_build_failed=False, packages_skip_build_finished=False, packages_select_test_failures=False, packages_skip_test_passed=False, packages_select=None, packages_skip=None, packages_select_regex=None, packages_skip_regex=None, packages_start=None, packages_end=None, allow_overriding=[], topological_order=False, names_only=False, paths_only=True, topological_graph=False, topological_graph_dot=False, topological_graph_density=False, topological_graph_legend=False, topological_graph_dot_cluster=False, topological_graph_dot_include_skipped=False, mixin_files=None, mixin=None, verb_parser=<colcon_mixin.mixin.mixin_argument.MixinArgumentDecorator object at 0xffff95199f90>, verb_extension=<colcon_package_information.verb.list.ListVerb object at 0xffff952f6290>, main=<bound method ListVerb.main of <colcon_package_information.verb.list.ListVerb object at 0xffff952f6290>>, mixin_verb=('list',))
[0.338s] colcon.colcon_core.package_discovery Level 1 discover_packages(colcon_meta) check parameters
[0.339s] colcon.colcon_core.package_discovery Level 1 discover_packages(recursive) check parameters
[0.339s] colcon.colcon_core.package_discovery Level 1 discover_packages(ignore) check parameters
[0.339s] colcon.colcon_core.package_discovery Level 1 discover_packages(path) check parameters
[0.339s] colcon.colcon_core.package_discovery Level 1 discover_packages(recursive) discover
[0.339s] colcon.colcon_core.package_discovery INFO Crawling recursively for packages in '/home/catscanners/Documents/find-my-kitten/ros2_ws'
[0.339s] colcon.colcon_core.package_identification Level 1 _identify(/home/catscanners/Documents/find-my-kitten/ros2_ws) by extensions ['ignore', 'ignore_ament_install']
[0.340s] colcon.colcon_core.package_identification Level 1 _identify(/home/catscanners/Documents/find-my-kitten/ros2_ws) by extension 'ignore'
[0.340s] colcon.colcon_core.package_identification Level 1 _identify(/home/catscanners/Documents/find-my-kitten/ros2_ws) by extension 'ignore_ament_install'
[0.340s] colcon.colcon_core.package_identification Level 1 _identify(/home/catscanners/Documents/find-my-kitten/ros2_ws) by extensions ['colcon_pkg']
[0.340s] colcon.colcon_core.package_identification Level 1 _identify(/home/catscanners/Documents/find-my-kitten/ros2_ws) by extension 'colcon_pkg'
[0.340s] colcon.colcon_core.package_identification Level 1 _identify(/home/catscanners/Documents/find-my-kitten/ros2_ws) by extensions ['colcon_meta']
[0.340s] colcon.colcon_core.package_identification Level 1 _identify(/home/catscanners/Documents/find-my-kitten/ros2_ws) by extension 'colcon_meta'
[0.340s] colcon.colcon_core.package_identification Level 1 _identify(/home/catscanners/Documents/find-my-kitten/ros2_ws) by extensions ['ros']
[0.340s] colcon.colcon_core.package_identification Level 1 _identify(/home/catscanners/Documents/find-my-kitten/ros2_ws) by extension 'ros'
[0.373s] colcon.colcon_core.package_identification Level 1 _identify(/home/catscanners/Documents/find-my-kitten/ros2_ws) by extensions ['cmake', 'python']
[0.373s] colcon.colcon_core.package_identification Level 1 _identify(/home/catscanners/Documents/find-my-kitten/ros2_ws) by extension 'cmake'
[0.373s] colcon.colcon_core.package_identification Level 1 _identify(/home/catscanners/Documents/find-my-kitten/ros2_ws) by extension 'python'
[0.373s] colcon.colcon_core.package_identification Level 1 _identify(/home/catscanners/Documents/find-my-kitten/ros2_ws) by extensions ['python_setup_py']
[0.374s] colcon.colcon_core.package_identification Level 1 _identify(/home/catscanners/Documents/find-my-kitten/ros2_ws) by extension 'python_setup_py'
[0.374s] colcon.colcon_core.package_identification Level 1 _identify(/home/catscanners/Documents/find-my-kitten/ros2_ws/build) by extensions ['ignore', 'ignore_ament_install']
[0.374s] colcon.colcon_core.package_identification Level 1 _identify(/home/catscanners/Documents/find-my-kitten/ros2_ws/build) by extension 'ignore'
[0.374s] colcon.colcon_core.package_identification Level 1 _identify(/home/catscanners/Documents/find-my-kitten/ros2_ws/build) ignored
[0.375s] colcon.colcon_core.package_identification Level 1 _identify(/home/catscanners/Documents/find-my-kitten/ros2_ws/install) by extensions ['ignore', 'ignore_ament_install']
[0.375s] colcon.colcon_core.package_identification Level 1 _identify(/home/catscanners/Documents/find-my-kitten/ros2_ws/install) by extension 'ignore'
[0.375s] colcon.colcon_core.package_identification Level 1 _identify(/home/catscanners/Documents/find-my-kitten/ros2_ws/install) ignored
[0.375s] colcon.colcon_core.package_identification Level 1 _identify(/home/catscanners/Documents/find-my-kitten/ros2_ws/log) by extensions ['ignore', 'ignore_ament_install']
[0.375s] colcon.colcon_core.package_identification Level 1 _identify(/home/catscanners/Documents/find-my-kitten/ros2_ws/log) by extension 'ignore'
[0.376s] colcon.colcon_core.package_identification Level 1 _identify(/home/catscanners/Documents/find-my-kitten/ros2_ws/log) ignored
[0.376s] colcon.colcon_core.package_identification Level 1 _identify(/home/catscanners/Documents/find-my-kitten/ros2_ws/src) by extensions ['ignore', 'ignore_ament_install']
[0.376s] colcon.colcon_core.package_identification Level 1 _identify(/home/catscanners/Documents/find-my-kitten/ros2_ws/src) by extension 'ignore'
[0.376s] colcon.colcon_core.package_identification Level 1 _identify(/home/catscanners/Documents/find-my-kitten/ros2_ws/src) by extension 'ignore_ament_install'
[0.376s] colcon.colcon_core.package_identification Level 1 _identify(/home/catscanners/Documents/find-my-kitten/ros2_ws/src) by extensions ['colcon_pkg']
[0.376s] colcon.colcon_core.package_identification Level 1 _identify(/home/catscanners/Documents/find-my-kitten/ros2_ws/src) by extension 'colcon_pkg'
[0.376s] colcon.colcon_core.package_identification Level 1 _identify(/home/catscanners/Documents/find-my-kitten/ros2_ws/src) by extensions ['colcon_meta']
[0.377s] colcon.colcon_core.package_identification Level 1 _identify(/home/catscanners/Documents/find-my-kitten/ros2_ws/src) by extension 'colcon_meta'
[0.377s] colcon.colcon_core.package_identification Level 1 _identify(/home/catscanners/Documents/find-my-kitten/ros2_ws/src) by extensions ['ros']
[0.377s] colcon.colcon_core.package_identification Level 1 _identify(/home/catscanners/Documents/find-my-kitten/ros2_ws/src) by extension 'ros'
[0.377s] colcon.colcon_core.package_identification Level 1 _identify(/home/catscanners/Documents/find-my-kitten/ros2_ws/src) by extensions ['cmake', 'python']
[0.377s] colcon.colcon_core.package_identification Level 1 _identify(/home/catscanners/Documents/find-my-kitten/ros2_ws/src) by extension 'cmake'
[0.378s] colcon.colcon_core.package_identification Level 1 _identify(/home/catscanners/Documents/find-my-kitten/ros2_ws/src) by extension 'python'
[0.378s] colcon.colcon_core.package_identification Level 1 _identify(/home/catscanners/Documents/find-my-kitten/ros2_ws/src) by extensions ['python_setup_py']
[0.378s] colcon.colcon_core.package_identification Level 1 _identify(/home/catscanners/Documents/find-my-kitten/ros2_ws/src) by extension 'python_setup_py'
[0.378s] colcon.colcon_core.package_identification Level 1 _identify(/home/catscanners/Documents/find-my-kitten/ros2_ws/src/offboard_takeoff_example) by extensions ['ignore', 'ignore_ament_install']
[0.378s] colcon.colcon_core.package_identification Level 1 _identify(/home/catscanners/Documents/find-my-kitten/ros2_ws/src/offboard_takeoff_example) by extension 'ignore'
[0.378s] colcon.colcon_core.package_identification Level 1 _identify(/home/catscanners/Documents/find-my-kitten/ros2_ws/src/offboard_takeoff_example) by extension 'ignore_ament_install'
[0.378s] colcon.colcon_core.package_identification Level 1 _identify(/home/catscanners/Documents/find-my-kitten/ros2_ws/src/offboard_takeoff_example) by extensions ['colcon_pkg']
[0.378s] colcon.colcon_core.package_identification Level 1 _identify(/home/catscanners/Documents/find-my-kitten/ros2_ws/src/offboard_takeoff_example) by extension 'colcon_pkg'
[0.379s] colcon.colcon_core.package_identification Level 1 _identify(/home/catscanners/Documents/find-my-kitten/ros2_ws/src/offboard_takeoff_example) by extensions ['colcon_meta']
[0.379s] colcon.colcon_core.package_identification Level 1 _identify(/home/catscanners/Documents/find-my-kitten/ros2_ws/src/offboard_takeoff_example) by extension 'colcon_meta'
[0.379s] colcon.colcon_core.package_identification Level 1 _identify(/home/catscanners/Documents/find-my-kitten/ros2_ws/src/offboard_takeoff_example) by extensions ['ros']
[0.379s] colcon.colcon_core.package_identification Level 1 _identify(/home/catscanners/Documents/find-my-kitten/ros2_ws/src/offboard_takeoff_example) by extension 'ros'
[0.385s] colcon.colcon_core.package_identification DEBUG Package '/home/catscanners/Documents/find-my-kitten/ros2_ws/src/offboard_takeoff_example' with type 'ros.ament_cmake' and name 'offboard_takeoff_example'
[0.385s] colcon.colcon_core.package_identification Level 1 _identify(/home/catscanners/Documents/find-my-kitten/ros2_ws/src/offboard_takeoff_example_py) by extensions ['ignore', 'ignore_ament_install']
[0.385s] colcon.colcon_core.package_identification Level 1 _identify(/home/catscanners/Documents/find-my-kitten/ros2_ws/src/offboard_takeoff_example_py) by extension 'ignore'
[0.385s] colcon.colcon_core.package_identification Level 1 _identify(/home/catscanners/Documents/find-my-kitten/ros2_ws/src/offboard_takeoff_example_py) by extension 'ignore_ament_install'
[0.386s] colcon.colcon_core.package_identification Level 1 _identify(/home/catscanners/Documents/find-my-kitten/ros2_ws/src/offboard_takeoff_example_py) by extensions ['colcon_pkg']
[0.386s] colcon.colcon_core.package_identification Level 1 _identify(/home/catscanners/Documents/find-my-kitten/ros2_ws/src/offboard_takeoff_example_py) by extension 'colcon_pkg'
[0.386s] colcon.colcon_core.package_identification Level 1 _identify(/home/catscanners/Documents/find-my-kitten/ros2_ws/src/offboard_takeoff_example_py) by extensions ['colcon_meta']
[0.386s] colcon.colcon_core.package_identification Level 1 _identify(/home/catscanners/Documents/find-my-kitten/ros2_ws/src/offboard_takeoff_example_py) by extension 'colcon_meta'
[0.386s] colcon.colcon_core.package_identification Level 1 _identify(/home/catscanners/Documents/find-my-kitten/ros2_ws/src/offboard_takeoff_example_py) by extensions ['ros']
[0.386s] colcon.colcon_core.package_identification Level 1 _identify(/home/catscanners/Documents/find-my-kitten/ros2_ws/src/offboard_takeoff_example_py) by extension 'ros'
[0.387s] colcon.colcon_core.package_identification DEBUG Package '/home/catscanners/Documents/find-my-kitten/ros2_ws/src/offboard_takeoff_example_py' with type 'ros.ament_python' and name 'offboard_takeoff_example_py'
[0.388s] colcon.colcon_core.package_identification Level 1 _identify(/home/catscanners/Documents/find-my-kitten/ros2_ws/src/px4_msgs) by extensions ['ignore', 'ignore_ament_install']
[0.388s] colcon.colcon_core.package_identification Level 1 _identify(/home/catscanners/Documents/find-my-kitten/ros2_ws/src/px4_msgs) by extension 'ignore'
[0.388s] colcon.colcon_core.package_identification Level 1 _identify(/home/catscanners/Documents/find-my-kitten/ros2_ws/src/px4_msgs) by extension 'ignore_ament_install'
[0.388s] colcon.colcon_core.package_identification Level 1 _identify(/home/catscanners/Documents/find-my-kitten/ros2_ws/src/px4_msgs) by extensions ['colcon_pkg']
[0.388s] colcon.colcon_core.package_identification Level 1 _identify(/home/catscanners/Documents/find-my-kitten/ros2_ws/src/px4_msgs) by extension 'colcon_pkg'
[0.388s] colcon.colcon_core.package_identification Level 1 _identify(/home/catscanners/Documents/find-my-kitten/ros2_ws/src/px4_msgs) by extensions ['colcon_meta']
[0.388s] colcon.colcon_core.package_identification Level 1 _identify(/home/catscanners/Documents/find-my-kitten/ros2_ws/src/px4_msgs) by extension 'colcon_meta'
[0.388s] colcon.colcon_core.package_identification Level 1 _identify(/home/catscanners/Documents/find-my-kitten/ros2_ws/src/px4_msgs) by extensions ['ros']
[0.389s] colcon.colcon_core.package_identification Level 1 _identify(/home/catscanners/Documents/find-my-kitten/ros2_ws/src/px4_msgs) by extension 'ros'
[0.390s] colcon.colcon_core.package_identification DEBUG Package '/home/catscanners/Documents/find-my-kitten/ros2_ws/src/px4_msgs' with type 'ros.ament_cmake' and name 'px4_msgs'
[0.390s] colcon.colcon_core.package_identification Level 1 _identify(/home/catscanners/Documents/find-my-kitten/ros2_ws/src/px4_ros_com) by extensions ['ignore', 'ignore_ament_install']
[0.390s] colcon.colcon_core.package_identification Level 1 _identify(/home/catscanners/Documents/find-my-kitten/ros2_ws/src/px4_ros_com) by extension 'ignore'
[0.391s] colcon.colcon_core.package_identification Level 1 _identify(/home/catscanners/Documents/find-my-kitten/ros2_ws/src/px4_ros_com) by extension 'ignore_ament_install'
[0.391s] colcon.colcon_core.package_identification Level 1 _identify(/home/catscanners/Documents/find-my-kitten/ros2_ws/src/px4_ros_com) by extensions ['colcon_pkg']
[0.391s] colcon.colcon_core.package_identification Level 1 _identify(/home/catscanners/Documents/find-my-kitten/ros2_ws/src/px4_ros_com) by extension 'colcon_pkg'
[0.391s] colcon.colcon_core.package_identification Level 1 _identify(/home/catscanners/Documents/find-my-kitten/ros2_ws/src/px4_ros_com) by extensions ['colcon_meta']
[0.391s] colcon.colcon_core.package_identification Level 1 _identify(/home/catscanners/Documents/find-my-kitten/ros2_ws/src/px4_ros_com) by extension 'colcon_meta'
[0.391s] colcon.colcon_core.package_identification Level 1 _identify(/home/catscanners/Documents/find-my-kitten/ros2_ws/src/px4_ros_com) by extensions ['ros']
[0.391s] colcon.colcon_core.package_identification Level 1 _identify(/home/catscanners/Documents/find-my-kitten/ros2_ws/src/px4_ros_com) by extension 'ros'
[0.394s] colcon.colcon_core.package_identification DEBUG Package '/home/catscanners/Documents/find-my-kitten/ros2_ws/src/px4_ros_com' with type 'ros.ament_cmake' and name 'px4_ros_com'
[0.394s] colcon.colcon_core.package_identification Level 1 _identify(/home/catscanners/Documents/find-my-kitten/ros2_ws/src/py_pubsub) by extensions ['ignore', 'ignore_ament_install']
[0.394s] colcon.colcon_core.package_identification Level 1 _identify(/home/catscanners/Documents/find-my-kitten/ros2_ws/src/py_pubsub) by extension 'ignore'
[0.395s] colcon.colcon_core.package_identification Level 1 _identify(/home/catscanners/Documents/find-my-kitten/ros2_ws/src/py_pubsub) by extension 'ignore_ament_install'
[0.395s] colcon.colcon_core.package_identification Level 1 _identify(/home/catscanners/Documents/find-my-kitten/ros2_ws/src/py_pubsub) by extensions ['colcon_pkg']
[0.395s] colcon.colcon_core.package_identification Level 1 _identify(/home/catscanners/Documents/find-my-kitten/ros2_ws/src/py_pubsub) by extension 'colcon_pkg'
[0.395s] colcon.colcon_core.package_identification Level 1 _identify(/home/catscanners/Documents/find-my-kitten/ros2_ws/src/py_pubsub) by extensions ['colcon_meta']
[0.395s] colcon.colcon_core.package_identification Level 1 _identify(/home/catscanners/Documents/find-my-kitten/ros2_ws/src/py_pubsub) by extension 'colcon_meta'
[0.395s] colcon.colcon_core.package_identification Level 1 _identify(/home/catscanners/Documents/find-my-kitten/ros2_ws/src/py_pubsub) by extensions ['ros']
[0.395s] colcon.colcon_core.package_identification Level 1 _identify(/home/catscanners/Documents/find-my-kitten/ros2_ws/src/py_pubsub) by extension 'ros'
[0.396s] colcon.colcon_core.package_identification DEBUG Package '/home/catscanners/Documents/find-my-kitten/ros2_ws/src/py_pubsub' with type 'ros.ament_python' and name 'py_pubsub'
[0.397s] colcon.colcon_core.package_identification Level 1 _identify(/home/catscanners/Documents/find-my-kitten/ros2_ws/src/ros2_nodes) by extensions ['ignore', 'ignore_ament_install']
[0.397s] colcon.colcon_core.package_identification Level 1 _identify(/home/catscanners/Documents/find-my-kitten/ros2_ws/src/ros2_nodes) by extension 'ignore'
[0.397s] colcon.colcon_core.package_identification Level 1 _identify(/home/catscanners/Documents/find-my-kitten/ros2_ws/src/ros2_nodes) by extension 'ignore_ament_install'
[0.397s] colcon.colcon_core.package_identification Level 1 _identify(/home/catscanners/Documents/find-my-kitten/ros2_ws/src/ros2_nodes) by extensions ['colcon_pkg']
[0.397s] colcon.colcon_core.package_identification Level 1 _identify(/home/catscanners/Documents/find-my-kitten/ros2_ws/src/ros2_nodes) by extension 'colcon_pkg'
[0.397s] colcon.colcon_core.package_identification Level 1 _identify(/home/catscanners/Documents/find-my-kitten/ros2_ws/src/ros2_nodes) by extensions ['colcon_meta']
[0.397s] colcon.colcon_core.package_identification Level 1 _identify(/home/catscanners/Documents/find-my-kitten/ros2_ws/src/ros2_nodes) by extension 'colcon_meta'
[0.398s] colcon.colcon_core.package_identification Level 1 _identify(/home/catscanners/Documents/find-my-kitten/ros2_ws/src/ros2_nodes) by extensions ['ros']
[0.398s] colcon.colcon_core.package_identification Level 1 _identify(/home/catscanners/Documents/find-my-kitten/ros2_ws/src/ros2_nodes) by extension 'ros'
[0.399s] colcon.colcon_core.package_identification DEBUG Package '/home/catscanners/Documents/find-my-kitten/ros2_ws/src/ros2_nodes' with type 'ros.ament_cmake' and name 'ros2_nodes'
[0.399s] colcon.colcon_core.package_discovery Level 1 discover_packages(recursive) using defaults
