[0.262s] [34mcolcon[0m [1;30mDEBUG[0m [32mCommand line arguments: ['/usr/bin/colcon', 'build', '--packages-select', 'offboard_takeoff_example'][0m
[0.262s] [34mcolcon[0m [1;30mDEBUG[0m [32mParsed command line arguments: Namespace(log_base=None, log_level=None, verb_name='build', build_base='build', install_base='install', merge_install=False, symlink_install=False, test_result_base=None, continue_on_error=False, executor='parallel', parallel_workers=6, event_handlers=None, ignore_user_meta=False, metas=['./colcon.meta'], base_paths=['.'], packages_ignore=None, packages_ignore_regex=None, paths=None, packages_up_to=None, packages_up_to_regex=None, packages_above=None, packages_above_and_dependencies=None, packages_above_depth=None, packages_select_by_dep=None, packages_skip_by_dep=None, packages_skip_up_to=None, packages_select_build_failed=False, packages_skip_build_finished=False, packages_select_test_failures=False, packages_skip_test_passed=False, packages_select=['offboard_takeoff_example'], packages_skip=None, packages_select_regex=None, packages_skip_regex=None, packages_start=None, packages_end=None, allow_overriding=[], cmake_args=None, cmake_target=None, cmake_target_skip_unavailable=False, cmake_clean_cache=False, cmake_clean_first=False, cmake_force_configure=False, ament_cmake_args=None, catkin_cmake_args=None, catkin_skip_building_tests=False, mixin_files=None, mixin=None, verb_parser=<colcon_mixin.mixin.mixin_argument.MixinArgumentDecorator object at 0xffffb4891060>, verb_extension=<colcon_core.verb.build.BuildVerb object at 0xffffb4890bb0>, main=<bound method BuildVerb.main of <colcon_core.verb.build.BuildVerb object at 0xffffb4890bb0>>, mixin_verb=('build',))[0m
[0.349s] [34mcolcon.colcon_core.package_discovery[0m [1;30mLevel 1[0m discover_packages(colcon_meta) check parameters
[0.349s] [34mcolcon.colcon_core.package_discovery[0m [1;30mLevel 1[0m discover_packages(recursive) check parameters
[0.349s] [34mcolcon.colcon_core.package_discovery[0m [1;30mLevel 1[0m discover_packages(ignore) check parameters
[0.350s] [34mcolcon.colcon_core.package_discovery[0m [1;30mLevel 1[0m discover_packages(path) check parameters
[0.350s] [34mcolcon.colcon_core.package_discovery[0m [1;30mLevel 1[0m discover_packages(colcon_meta) discover
[0.350s] [34mcolcon.colcon_core.package_discovery[0m [1;30mLevel 1[0m discover_packages(recursive) discover
[0.350s] [34mcolcon.colcon_core.package_discovery[0m [1;30mINFO[0m Crawling recursively for packages in '/home/catscanners/Documents/find-my-kitten/ros2_ws'
[0.350s] [34mcolcon.colcon_core.package_identification[0m [1;30mLevel 1[0m _identify(.) by extensions ['ignore', 'ignore_ament_install']
[0.351s] [34mcolcon.colcon_core.package_identification[0m [1;30mLevel 1[0m _identify(.) by extension 'ignore'
[0.351s] [34mcolcon.colcon_core.package_identification[0m [1;30mLevel 1[0m _identify(.) by extension 'ignore_ament_install'
[0.351s] [34mcolcon.colcon_core.package_identification[0m [1;30mLevel 1[0m _identify(.) by extensions ['colcon_pkg']
[0.351s] [34mcolcon.colcon_core.package_identification[0m [1;30mLevel 1[0m _identify(.) by extension 'colcon_pkg'
[0.351s] [34mcolcon.colcon_core.package_identification[0m [1;30mLevel 1[0m _identify(.) by extensions ['colcon_meta']
[0.351s] [34mcolcon.colcon_core.package_identification[0m [1;30mLevel 1[0m _identify(.) by extension 'colcon_meta'
[0.351s] [34mcolcon.colcon_core.package_identification[0m [1;30mLevel 1[0m _identify(.) by extensions ['ros']
[0.351s] [34mcolcon.colcon_core.package_identification[0m [1;30mLevel 1[0m _identify(.) by extension 'ros'
[0.385s] [34mcolcon.colcon_core.package_identification[0m [1;30mLevel 1[0m _identify(.) by extensions ['cmake', 'python']
[0.385s] [34mcolcon.colcon_core.package_identification[0m [1;30mLevel 1[0m _identify(.) by extension 'cmake'
[0.385s] [34mcolcon.colcon_core.package_identification[0m [1;30mLevel 1[0m _identify(.) by extension 'python'
[0.385s] [34mcolcon.colcon_core.package_identification[0m [1;30mLevel 1[0m _identify(.) by extensions ['python_setup_py']
[0.386s] [34mcolcon.colcon_core.package_identification[0m [1;30mLevel 1[0m _identify(.) by extension 'python_setup_py'
[0.386s] [34mcolcon.colcon_core.package_identification[0m [1;30mLevel 1[0m _identify(build) by extensions ['ignore', 'ignore_ament_install']
[0.386s] [34mcolcon.colcon_core.package_identification[0m [1;30mLevel 1[0m _identify(build) by extension 'ignore'
[0.386s] [34mcolcon.colcon_core.package_identification[0m [1;30mLevel 1[0m _identify(build) ignored
[0.387s] [34mcolcon.colcon_core.package_identification[0m [1;30mLevel 1[0m _identify(install) by extensions ['ignore', 'ignore_ament_install']
[0.387s] [34mcolcon.colcon_core.package_identification[0m [1;30mLevel 1[0m _identify(install) by extension 'ignore'
[0.387s] [34mcolcon.colcon_core.package_identification[0m [1;30mLevel 1[0m _identify(install) ignored
[0.387s] [34mcolcon.colcon_core.package_identification[0m [1;30mLevel 1[0m _identify(log) by extensions ['ignore', 'ignore_ament_install']
[0.387s] [34mcolcon.colcon_core.package_identification[0m [1;30mLevel 1[0m _identify(log) by extension 'ignore'
[0.387s] [34mcolcon.colcon_core.package_identification[0m [1;30mLevel 1[0m _identify(log) ignored
[0.388s] [34mcolcon.colcon_core.package_identification[0m [1;30mLevel 1[0m _identify(src) by extensions ['ignore', 'ignore_ament_install']
[0.388s] [34mcolcon.colcon_core.package_identification[0m [1;30mLevel 1[0m _identify(src) by extension 'ignore'
[0.388s] [34mcolcon.colcon_core.package_identification[0m [1;30mLevel 1[0m _identify(src) by extension 'ignore_ament_install'
[0.388s] [34mcolcon.colcon_core.package_identification[0m [1;30mLevel 1[0m _identify(src) by extensions ['colcon_pkg']
[0.388s] [34mcolcon.colcon_core.package_identification[0m [1;30mLevel 1[0m _identify(src) by extension 'colcon_pkg'
[0.388s] [34mcolcon.colcon_core.package_identification[0m [1;30mLevel 1[0m _identify(src) by extensions ['colcon_meta']
[0.388s] [34mcolcon.colcon_core.package_identification[0m [1;30mLevel 1[0m _identify(src) by extension 'colcon_meta'
[0.388s] [34mcolcon.colcon_core.package_identification[0m [1;30mLevel 1[0m _identify(src) by extensions ['ros']
[0.389s] [34mcolcon.colcon_core.package_identification[0m [1;30mLevel 1[0m _identify(src) by extension 'ros'
[0.389s] [34mcolcon.colcon_core.package_identification[0m [1;30mLevel 1[0m _identify(src) by extensions ['cmake', 'python']
[0.389s] [34mcolcon.colcon_core.package_identification[0m [1;30mLevel 1[0m _identify(src) by extension 'cmake'
[0.389s] [34mcolcon.colcon_core.package_identification[0m [1;30mLevel 1[0m _identify(src) by extension 'python'
[0.389s] [34mcolcon.colcon_core.package_identification[0m [1;30mLevel 1[0m _identify(src) by extensions ['python_setup_py']
[0.389s] [34mcolcon.colcon_core.package_identification[0m [1;30mLevel 1[0m _identify(src) by extension 'python_setup_py'
[0.389s] [34mcolcon.colcon_core.package_identification[0m [1;30mLevel 1[0m _identify(src/offboard_takeoff_example) by extensions ['ignore', 'ignore_ament_install']
[0.390s] [34mcolcon.colcon_core.package_identification[0m [1;30mLevel 1[0m _identify(src/offboard_takeoff_example) by extension 'ignore'
[0.390s] [34mcolcon.colcon_core.package_identification[0m [1;30mLevel 1[0m _identify(src/offboard_takeoff_example) by extension 'ignore_ament_install'
[0.390s] [34mcolcon.colcon_core.package_identification[0m [1;30mLevel 1[0m _identify(src/offboard_takeoff_example) by extensions ['colcon_pkg']
[0.390s] [34mcolcon.colcon_core.package_identification[0m [1;30mLevel 1[0m _identify(src/offboard_takeoff_example) by extension 'colcon_pkg'
[0.390s] [34mcolcon.colcon_core.package_identification[0m [1;30mLevel 1[0m _identify(src/offboard_takeoff_example) by extensions ['colcon_meta']
[0.390s] [34mcolcon.colcon_core.package_identification[0m [1;30mLevel 1[0m _identify(src/offboard_takeoff_example) by extension 'colcon_meta'
[0.390s] [34mcolcon.colcon_core.package_identification[0m [1;30mLevel 1[0m _identify(src/offboard_takeoff_example) by extensions ['ros']
[0.390s] [34mcolcon.colcon_core.package_identification[0m [1;30mLevel 1[0m _identify(src/offboard_takeoff_example) by extension 'ros'
[0.396s] [34mcolcon.colcon_core.package_identification[0m [1;30mDEBUG[0m [32mPackage 'src/offboard_takeoff_example' with type 'ros.ament_cmake' and name 'offboard_takeoff_example'[0m
[0.397s] [34mcolcon.colcon_core.package_identification[0m [1;30mLevel 1[0m _identify(src/offboard_takeoff_example_py) by extensions ['ignore', 'ignore_ament_install']
[0.397s] [34mcolcon.colcon_core.package_identification[0m [1;30mLevel 1[0m _identify(src/offboard_takeoff_example_py) by extension 'ignore'
[0.397s] [34mcolcon.colcon_core.package_identification[0m [1;30mLevel 1[0m _identify(src/offboard_takeoff_example_py) by extension 'ignore_ament_install'
[0.397s] [34mcolcon.colcon_core.package_identification[0m [1;30mLevel 1[0m _identify(src/offboard_takeoff_example_py) by extensions ['colcon_pkg']
[0.397s] [34mcolcon.colcon_core.package_identification[0m [1;30mLevel 1[0m _identify(src/offboard_takeoff_example_py) by extension 'colcon_pkg'
[0.397s] [34mcolcon.colcon_core.package_identification[0m [1;30mLevel 1[0m _identify(src/offboard_takeoff_example_py) by extensions ['colcon_meta']
[0.397s] [34mcolcon.colcon_core.package_identification[0m [1;30mLevel 1[0m _identify(src/offboard_takeoff_example_py) by extension 'colcon_meta'
[0.398s] [34mcolcon.colcon_core.package_identification[0m [1;30mLevel 1[0m _identify(src/offboard_takeoff_example_py) by extensions ['ros']
[0.398s] [34mcolcon.colcon_core.package_identification[0m [1;30mLevel 1[0m _identify(src/offboard_takeoff_example_py) by extension 'ros'
[0.399s] [34mcolcon.colcon_core.package_identification[0m [1;30mDEBUG[0m [32mPackage 'src/offboard_takeoff_example_py' with type 'ros.ament_python' and name 'offboard_takeoff_example_py'[0m
[0.399s] [34mcolcon.colcon_core.package_identification[0m [1;30mLevel 1[0m _identify(src/px4_msgs) by extensions ['ignore', 'ignore_ament_install']
[0.399s] [34mcolcon.colcon_core.package_identification[0m [1;30mLevel 1[0m _identify(src/px4_msgs) by extension 'ignore'
[0.400s] [34mcolcon.colcon_core.package_identification[0m [1;30mLevel 1[0m _identify(src/px4_msgs) by extension 'ignore_ament_install'
[0.400s] [34mcolcon.colcon_core.package_identification[0m [1;30mLevel 1[0m _identify(src/px4_msgs) by extensions ['colcon_pkg']
[0.400s] [34mcolcon.colcon_core.package_identification[0m [1;30mLevel 1[0m _identify(src/px4_msgs) by extension 'colcon_pkg'
[0.400s] [34mcolcon.colcon_core.package_identification[0m [1;30mLevel 1[0m _identify(src/px4_msgs) by extensions ['colcon_meta']
[0.400s] [34mcolcon.colcon_core.package_identification[0m [1;30mLevel 1[0m _identify(src/px4_msgs) by extension 'colcon_meta'
[0.400s] [34mcolcon.colcon_core.package_identification[0m [1;30mLevel 1[0m _identify(src/px4_msgs) by extensions ['ros']
[0.400s] [34mcolcon.colcon_core.package_identification[0m [1;30mLevel 1[0m _identify(src/px4_msgs) by extension 'ros'
[0.402s] [34mcolcon.colcon_core.package_identification[0m [1;30mDEBUG[0m [32mPackage 'src/px4_msgs' with type 'ros.ament_cmake' and name 'px4_msgs'[0m
[0.402s] [34mcolcon.colcon_core.package_identification[0m [1;30mLevel 1[0m _identify(src/px4_ros_com) by extensions ['ignore', 'ignore_ament_install']
[0.402s] [34mcolcon.colcon_core.package_identification[0m [1;30mLevel 1[0m _identify(src/px4_ros_com) by extension 'ignore'
[0.402s] [34mcolcon.colcon_core.package_identification[0m [1;30mLevel 1[0m _identify(src/px4_ros_com) by extension 'ignore_ament_install'
[0.403s] [34mcolcon.colcon_core.package_identification[0m [1;30mLevel 1[0m _identify(src/px4_ros_com) by extensions ['colcon_pkg']
[0.403s] [34mcolcon.colcon_core.package_identification[0m [1;30mLevel 1[0m _identify(src/px4_ros_com) by extension 'colcon_pkg'
[0.403s] [34mcolcon.colcon_core.package_identification[0m [1;30mLevel 1[0m _identify(src/px4_ros_com) by extensions ['colcon_meta']
[0.403s] [34mcolcon.colcon_core.package_identification[0m [1;30mLevel 1[0m _identify(src/px4_ros_com) by extension 'colcon_meta'
[0.403s] [34mcolcon.colcon_core.package_identification[0m [1;30mLevel 1[0m _identify(src/px4_ros_com) by extensions ['ros']
[0.403s] [34mcolcon.colcon_core.package_identification[0m [1;30mLevel 1[0m _identify(src/px4_ros_com) by extension 'ros'
[0.406s] [34mcolcon.colcon_core.package_identification[0m [1;30mDEBUG[0m [32mPackage 'src/px4_ros_com' with type 'ros.ament_cmake' and name 'px4_ros_com'[0m
[0.406s] [34mcolcon.colcon_core.package_identification[0m [1;30mLevel 1[0m _identify(src/py_pubsub) by extensions ['ignore', 'ignore_ament_install']
[0.406s] [34mcolcon.colcon_core.package_identification[0m [1;30mLevel 1[0m _identify(src/py_pubsub) by extension 'ignore'
[0.406s] [34mcolcon.colcon_core.package_identification[0m [1;30mLevel 1[0m _identify(src/py_pubsub) by extension 'ignore_ament_install'
[0.407s] [34mcolcon.colcon_core.package_identification[0m [1;30mLevel 1[0m _identify(src/py_pubsub) by extensions ['colcon_pkg']
[0.407s] [34mcolcon.colcon_core.package_identification[0m [1;30mLevel 1[0m _identify(src/py_pubsub) by extension 'colcon_pkg'
[0.407s] [34mcolcon.colcon_core.package_identification[0m [1;30mLevel 1[0m _identify(src/py_pubsub) by extensions ['colcon_meta']
[0.407s] [34mcolcon.colcon_core.package_identification[0m [1;30mLevel 1[0m _identify(src/py_pubsub) by extension 'colcon_meta'
[0.407s] [34mcolcon.colcon_core.package_identification[0m [1;30mLevel 1[0m _identify(src/py_pubsub) by extensions ['ros']
[0.407s] [34mcolcon.colcon_core.package_identification[0m [1;30mLevel 1[0m _identify(src/py_pubsub) by extension 'ros'
[0.408s] [34mcolcon.colcon_core.package_identification[0m [1;30mDEBUG[0m [32mPackage 'src/py_pubsub' with type 'ros.ament_python' and name 'py_pubsub'[0m
[0.408s] [34mcolcon.colcon_core.package_identification[0m [1;30mLevel 1[0m _identify(src/ros2_nodes) by extensions ['ignore', 'ignore_ament_install']
[0.409s] [34mcolcon.colcon_core.package_identification[0m [1;30mLevel 1[0m _identify(src/ros2_nodes) by extension 'ignore'
[0.409s] [34mcolcon.colcon_core.package_identification[0m [1;30mLevel 1[0m _identify(src/ros2_nodes) by extension 'ignore_ament_install'
[0.409s] [34mcolcon.colcon_core.package_identification[0m [1;30mLevel 1[0m _identify(src/ros2_nodes) by extensions ['colcon_pkg']
[0.409s] [34mcolcon.colcon_core.package_identification[0m [1;30mLevel 1[0m _identify(src/ros2_nodes) by extension 'colcon_pkg'
[0.409s] [34mcolcon.colcon_core.package_identification[0m [1;30mLevel 1[0m _identify(src/ros2_nodes) by extensions ['colcon_meta']
[0.409s] [34mcolcon.colcon_core.package_identification[0m [1;30mLevel 1[0m _identify(src/ros2_nodes) by extension 'colcon_meta'
[0.409s] [34mcolcon.colcon_core.package_identification[0m [1;30mLevel 1[0m _identify(src/ros2_nodes) by extensions ['ros']
[0.409s] [34mcolcon.colcon_core.package_identification[0m [1;30mLevel 1[0m _identify(src/ros2_nodes) by extension 'ros'
[0.410s] [34mcolcon.colcon_core.package_identification[0m [1;30mDEBUG[0m [32mPackage 'src/ros2_nodes' with type 'ros.ament_cmake' and name 'ros2_nodes'[0m
[0.411s] [34mcolcon.colcon_core.package_discovery[0m [1;30mLevel 1[0m discover_packages(recursive) using defaults
[0.411s] [34mcolcon.colcon_core.package_discovery[0m [1;30mLevel 1[0m discover_packages(ignore) discover
[0.411s] [34mcolcon.colcon_core.package_discovery[0m [1;30mLevel 1[0m discover_packages(ignore) using defaults
[0.411s] [34mcolcon.colcon_core.package_discovery[0m [1;30mLevel 1[0m discover_packages(path) discover
[0.411s] [34mcolcon.colcon_core.package_discovery[0m [1;30mLevel 1[0m discover_packages(path) using defaults
[0.447s] [34mcolcon.colcon_core.package_selection[0m [1;30mINFO[0m Skipping not selected package 'offboard_takeoff_example_py' in 'src/offboard_takeoff_example_py'
[0.447s] [34mcolcon.colcon_core.package_selection[0m [1;30mINFO[0m Skipping not selected package 'px4_msgs' in 'src/px4_msgs'
[0.448s] [34mcolcon.colcon_core.package_selection[0m [1;30mINFO[0m Skipping not selected package 'py_pubsub' in 'src/py_pubsub'
[0.448s] [34mcolcon.colcon_core.package_selection[0m [1;30mINFO[0m Skipping not selected package 'ros2_nodes' in 'src/ros2_nodes'
[0.448s] [34mcolcon.colcon_core.package_selection[0m [1;30mINFO[0m Skipping not selected package 'px4_ros_com' in 'src/px4_ros_com'
[0.449s] [34mcolcon.colcon_core.package_discovery[0m [1;30mLevel 1[0m discover_packages(prefix_path) check parameters
[0.449s] [34mcolcon.colcon_core.package_discovery[0m [1;30mLevel 1[0m discover_packages(prefix_path) discover
[0.454s] [34mcolcon.colcon_installed_package_information.package_discovery[0m [1;30mDEBUG[0m [32mFound 270 installed packages in /opt/ros/humble[0m
[0.456s] [34mcolcon.colcon_core.package_discovery[0m [1;30mLevel 1[0m discover_packages(prefix_path) using defaults
[0.531s] [34mcolcon.colcon_core.verb[0m [1;30mLevel 5[0m set package 'offboard_takeoff_example' build argument 'cmake_args' from command line to 'None'
[0.532s] [34mcolcon.colcon_core.verb[0m [1;30mLevel 5[0m set package 'offboard_takeoff_example' build argument 'cmake_target' from command line to 'None'
[0.532s] [34mcolcon.colcon_core.verb[0m [1;30mLevel 5[0m set package 'offboard_takeoff_example' build argument 'cmake_target_skip_unavailable' from command line to 'False'
[0.532s] [34mcolcon.colcon_core.verb[0m [1;30mLevel 5[0m set package 'offboard_takeoff_example' build argument 'cmake_clean_cache' from command line to 'False'
[0.532s] [34mcolcon.colcon_core.verb[0m [1;30mLevel 5[0m set package 'offboard_takeoff_example' build argument 'cmake_clean_first' from command line to 'False'
[0.532s] [34mcolcon.colcon_core.verb[0m [1;30mLevel 5[0m set package 'offboard_takeoff_example' build argument 'cmake_force_configure' from command line to 'False'
[0.532s] [34mcolcon.colcon_core.verb[0m [1;30mLevel 5[0m set package 'offboard_takeoff_example' build argument 'ament_cmake_args' from command line to 'None'
[0.532s] [34mcolcon.colcon_core.verb[0m [1;30mLevel 5[0m set package 'offboard_takeoff_example' build argument 'catkin_cmake_args' from command line to 'None'
[0.532s] [34mcolcon.colcon_core.verb[0m [1;30mLevel 5[0m set package 'offboard_takeoff_example' build argument 'catkin_skip_building_tests' from command line to 'False'
[0.532s] [34mcolcon.colcon_core.verb[0m [1;30mDEBUG[0m [32mBuilding package 'offboard_takeoff_example' with the following arguments: {'ament_cmake_args': None, 'build_base': '/home/catscanners/Documents/find-my-kitten/ros2_ws/build/offboard_takeoff_example', 'catkin_cmake_args': None, 'catkin_skip_building_tests': False, 'cmake_args': None, 'cmake_clean_cache': False, 'cmake_clean_first': False, 'cmake_force_configure': False, 'cmake_target': None, 'cmake_target_skip_unavailable': False, 'install_base': '/home/catscanners/Documents/find-my-kitten/ros2_ws/install/offboard_takeoff_example', 'merge_install': False, 'path': '/home/catscanners/Documents/find-my-kitten/ros2_ws/src/offboard_takeoff_example', 'symlink_install': False, 'test_result_base': None}[0m
[0.533s] [34mcolcon.colcon_core.executor[0m [1;30mINFO[0m Executing jobs using 'parallel' executor
[0.535s] [34mcolcon.colcon_parallel_executor.executor.parallel[0m [1;30mDEBUG[0m [32mrun_until_complete[0m
[0.536s] [34mcolcon.colcon_ros.task.ament_cmake.build[0m [1;30mINFO[0m Building ROS package in '/home/catscanners/Documents/find-my-kitten/ros2_ws/src/offboard_takeoff_example' with build type 'ament_cmake'
[0.536s] [34mcolcon.colcon_cmake.task.cmake.build[0m [1;30mINFO[0m Building CMake package in '/home/catscanners/Documents/find-my-kitten/ros2_ws/src/offboard_takeoff_example'
[0.541s] [34mcolcon.colcon_core.plugin_system[0m [1;30mINFO[0m Skipping extension 'colcon_core.shell.bat': Not used on non-Windows systems
[0.541s] [34mcolcon.colcon_core.shell[0m [1;30mINFO[0m Skip shell extension 'powershell' for command environment: Not usable outside of PowerShell
[0.541s] [34mcolcon.colcon_core.shell[0m [1;30mDEBUG[0m [32mSkip shell extension 'dsv' for command environment[0m
[0.555s] [34mcolcon.colcon_core.event_handler.log_command[0m [1;30mDEBUG[0m [32mInvoking command in '/home/catscanners/Documents/find-my-kitten/ros2_ws/build/offboard_takeoff_example': CMAKE_PREFIX_PATH=/opt/ros/humble /usr/bin/cmake /home/catscanners/Documents/find-my-kitten/ros2_ws/src/offboard_takeoff_example -DCMAKE_INSTALL_PREFIX=/home/catscanners/Documents/find-my-kitten/ros2_ws/install/offboard_takeoff_example[0m
[2.498s] [34mcolcon.colcon_core.event_handler.log_command[0m [1;30mDEBUG[0m [32mInvoked command in '/home/catscanners/Documents/find-my-kitten/ros2_ws/build/offboard_takeoff_example' returned '0': CMAKE_PREFIX_PATH=/opt/ros/humble /usr/bin/cmake /home/catscanners/Documents/find-my-kitten/ros2_ws/src/offboard_takeoff_example -DCMAKE_INSTALL_PREFIX=/home/catscanners/Documents/find-my-kitten/ros2_ws/install/offboard_takeoff_example[0m
[2.501s] [34mcolcon.colcon_core.event_handler.log_command[0m [1;30mDEBUG[0m [32mInvoking command in '/home/catscanners/Documents/find-my-kitten/ros2_ws/build/offboard_takeoff_example': CMAKE_PREFIX_PATH=/opt/ros/humble /usr/bin/cmake --build /home/catscanners/Documents/find-my-kitten/ros2_ws/build/offboard_takeoff_example -- -j6 -l6[0m
[2.583s] [34mcolcon.colcon_core.event_handler.log_command[0m [1;30mDEBUG[0m [32mInvoked command in '/home/catscanners/Documents/find-my-kitten/ros2_ws/build/offboard_takeoff_example' returned '0': CMAKE_PREFIX_PATH=/opt/ros/humble /usr/bin/cmake --build /home/catscanners/Documents/find-my-kitten/ros2_ws/build/offboard_takeoff_example -- -j6 -l6[0m
[2.608s] [34mcolcon.colcon_core.event_handler.log_command[0m [1;30mDEBUG[0m [32mInvoking command in '/home/catscanners/Documents/find-my-kitten/ros2_ws/build/offboard_takeoff_example': CMAKE_PREFIX_PATH=/opt/ros/humble /usr/bin/cmake --install /home/catscanners/Documents/find-my-kitten/ros2_ws/build/offboard_takeoff_example[0m
[2.634s] [34mcolcon.colcon_core.environment[0m [1;30mLevel 1[0m create_environment_scripts_only(offboard_takeoff_example)
[2.636s] [34mcolcon.colcon_core.event_handler.log_command[0m [1;30mDEBUG[0m [32mInvoked command in '/home/catscanners/Documents/find-my-kitten/ros2_ws/build/offboard_takeoff_example' returned '0': CMAKE_PREFIX_PATH=/opt/ros/humble /usr/bin/cmake --install /home/catscanners/Documents/find-my-kitten/ros2_ws/build/offboard_takeoff_example[0m
[2.644s] [34mcolcon.colcon_core.environment[0m [1;30mLevel 1[0m checking '/home/catscanners/Documents/find-my-kitten/ros2_ws/install/offboard_takeoff_example' for CMake module files
[2.647s] [34mcolcon.colcon_core.environment[0m [1;30mLevel 1[0m checking '/home/catscanners/Documents/find-my-kitten/ros2_ws/install/offboard_takeoff_example' for CMake config files
[2.648s] [34mcolcon.colcon_core.shell[0m [1;30mLevel 1[0m create_environment_hook('offboard_takeoff_example', 'cmake_prefix_path')
[2.649s] [34mcolcon.colcon_core.shell[0m [1;30mINFO[0m Creating environment hook '/home/catscanners/Documents/find-my-kitten/ros2_ws/install/offboard_takeoff_example/share/offboard_takeoff_example/hook/cmake_prefix_path.ps1'
[2.651s] [34mcolcon.colcon_core.shell[0m [1;30mINFO[0m Creating environment descriptor '/home/catscanners/Documents/find-my-kitten/ros2_ws/install/offboard_takeoff_example/share/offboard_takeoff_example/hook/cmake_prefix_path.dsv'
[2.653s] [34mcolcon.colcon_core.shell[0m [1;30mINFO[0m Creating environment hook '/home/catscanners/Documents/find-my-kitten/ros2_ws/install/offboard_takeoff_example/share/offboard_takeoff_example/hook/cmake_prefix_path.sh'
[2.656s] [34mcolcon.colcon_core.environment[0m [1;30mLevel 1[0m checking '/home/catscanners/Documents/find-my-kitten/ros2_ws/install/offboard_takeoff_example/bin'
[2.656s] [34mcolcon.colcon_core.environment[0m [1;30mLevel 1[0m checking '/home/catscanners/Documents/find-my-kitten/ros2_ws/install/offboard_takeoff_example/lib/pkgconfig/offboard_takeoff_example.pc'
[2.657s] [34mcolcon.colcon_core.environment[0m [1;30mLevel 1[0m checking '/home/catscanners/Documents/find-my-kitten/ros2_ws/install/offboard_takeoff_example/lib/python3.10/site-packages'
[2.658s] [34mcolcon.colcon_core.environment[0m [1;30mLevel 1[0m checking '/home/catscanners/Documents/find-my-kitten/ros2_ws/install/offboard_takeoff_example/bin'
[2.659s] [34mcolcon.colcon_core.shell[0m [1;30mINFO[0m Creating package script '/home/catscanners/Documents/find-my-kitten/ros2_ws/install/offboard_takeoff_example/share/offboard_takeoff_example/package.ps1'
[2.662s] [34mcolcon.colcon_core.shell[0m [1;30mINFO[0m Creating package descriptor '/home/catscanners/Documents/find-my-kitten/ros2_ws/install/offboard_takeoff_example/share/offboard_takeoff_example/package.dsv'
[2.664s] [34mcolcon.colcon_core.shell[0m [1;30mINFO[0m Creating package script '/home/catscanners/Documents/find-my-kitten/ros2_ws/install/offboard_takeoff_example/share/offboard_takeoff_example/package.sh'
[2.668s] [34mcolcon.colcon_core.shell[0m [1;30mINFO[0m Creating package script '/home/catscanners/Documents/find-my-kitten/ros2_ws/install/offboard_takeoff_example/share/offboard_takeoff_example/package.bash'
[2.672s] [34mcolcon.colcon_core.shell[0m [1;30mINFO[0m Creating package script '/home/catscanners/Documents/find-my-kitten/ros2_ws/install/offboard_takeoff_example/share/offboard_takeoff_example/package.zsh'
[2.674s] [34mcolcon.colcon_core.environment[0m [1;30mLevel 1[0m create_file_with_runtime_dependencies(/home/catscanners/Documents/find-my-kitten/ros2_ws/install/offboard_takeoff_example/share/colcon-core/packages/offboard_takeoff_example)
[2.677s] [34mcolcon.colcon_core.environment[0m [1;30mLevel 1[0m create_environment_scripts_only(offboard_takeoff_example)
[2.678s] [34mcolcon.colcon_core.environment[0m [1;30mLevel 1[0m checking '/home/catscanners/Documents/find-my-kitten/ros2_ws/install/offboard_takeoff_example' for CMake module files
[2.680s] [34mcolcon.colcon_core.environment[0m [1;30mLevel 1[0m checking '/home/catscanners/Documents/find-my-kitten/ros2_ws/install/offboard_takeoff_example' for CMake config files
[2.681s] [34mcolcon.colcon_core.shell[0m [1;30mLevel 1[0m create_environment_hook('offboard_takeoff_example', 'cmake_prefix_path')
[2.682s] [34mcolcon.colcon_core.shell[0m [1;30mINFO[0m Creating environment hook '/home/catscanners/Documents/find-my-kitten/ros2_ws/install/offboard_takeoff_example/share/offboard_takeoff_example/hook/cmake_prefix_path.ps1'
[2.684s] [34mcolcon.colcon_core.shell[0m [1;30mINFO[0m Creating environment descriptor '/home/catscanners/Documents/find-my-kitten/ros2_ws/install/offboard_takeoff_example/share/offboard_takeoff_example/hook/cmake_prefix_path.dsv'
[2.685s] [34mcolcon.colcon_core.shell[0m [1;30mINFO[0m Creating environment hook '/home/catscanners/Documents/find-my-kitten/ros2_ws/install/offboard_takeoff_example/share/offboard_takeoff_example/hook/cmake_prefix_path.sh'
[2.687s] [34mcolcon.colcon_core.environment[0m [1;30mLevel 1[0m checking '/home/catscanners/Documents/find-my-kitten/ros2_ws/install/offboard_takeoff_example/bin'
[2.687s] [34mcolcon.colcon_core.environment[0m [1;30mLevel 1[0m checking '/home/catscanners/Documents/find-my-kitten/ros2_ws/install/offboard_takeoff_example/lib/pkgconfig/offboard_takeoff_example.pc'
[2.688s] [34mcolcon.colcon_core.environment[0m [1;30mLevel 1[0m checking '/home/catscanners/Documents/find-my-kitten/ros2_ws/install/offboard_takeoff_example/lib/python3.10/site-packages'
[2.689s] [34mcolcon.colcon_core.environment[0m [1;30mLevel 1[0m checking '/home/catscanners/Documents/find-my-kitten/ros2_ws/install/offboard_takeoff_example/bin'
[2.690s] [34mcolcon.colcon_core.shell[0m [1;30mINFO[0m Creating package script '/home/catscanners/Documents/find-my-kitten/ros2_ws/install/offboard_takeoff_example/share/offboard_takeoff_example/package.ps1'
[2.692s] [34mcolcon.colcon_core.shell[0m [1;30mINFO[0m Creating package descriptor '/home/catscanners/Documents/find-my-kitten/ros2_ws/install/offboard_takeoff_example/share/offboard_takeoff_example/package.dsv'
[2.694s] [34mcolcon.colcon_core.shell[0m [1;30mINFO[0m Creating package script '/home/catscanners/Documents/find-my-kitten/ros2_ws/install/offboard_takeoff_example/share/offboard_takeoff_example/package.sh'
[2.696s] [34mcolcon.colcon_core.shell[0m [1;30mINFO[0m Creating package script '/home/catscanners/Documents/find-my-kitten/ros2_ws/install/offboard_takeoff_example/share/offboard_takeoff_example/package.bash'
[2.697s] [34mcolcon.colcon_core.shell[0m [1;30mINFO[0m Creating package script '/home/catscanners/Documents/find-my-kitten/ros2_ws/install/offboard_takeoff_example/share/offboard_takeoff_example/package.zsh'
[2.699s] [34mcolcon.colcon_core.environment[0m [1;30mLevel 1[0m create_file_with_runtime_dependencies(/home/catscanners/Documents/find-my-kitten/ros2_ws/install/offboard_takeoff_example/share/colcon-core/packages/offboard_takeoff_example)
[2.699s] [34mcolcon.colcon_parallel_executor.executor.parallel[0m [1;30mDEBUG[0m [32mclosing loop[0m
[2.701s] [34mcolcon.colcon_parallel_executor.executor.parallel[0m [1;30mDEBUG[0m [32mloop closed[0m
[2.702s] [34mcolcon.colcon_parallel_executor.executor.parallel[0m [1;30mDEBUG[0m [32mrun_until_complete finished with '0'[0m
[2.702s] [34mcolcon.colcon_core.event_reactor[0m [1;30mDEBUG[0m [32mjoining thread[0m
[2.722s] [34mcolcon.colcon_core.plugin_system[0m [1;30mINFO[0m Skipping extension 'colcon_notification.desktop_notification.terminal_notifier': Not used on non-Darwin systems
[2.722s] [34mcolcon.colcon_core.plugin_system[0m [1;30mINFO[0m Skipping extension 'colcon_notification.desktop_notification.win32': Not used on non-Windows systems
[2.723s] [34mcolcon.colcon_notification.desktop_notification[0m [1;30mINFO[0m Sending desktop notification using 'notify2'
[2.723s] [34mcolcon.colcon_notification.desktop_notification.notify2[0m [1;30mDEBUG[0m [32mFailed to initialize notify2: org.freedesktop.DBus.Error.NotSupported: Unable to autolaunch a dbus-daemon without a $DISPLAY for X11[0m
[2.723s] [34mcolcon.colcon_core.event_reactor[0m [1;30mDEBUG[0m [32mjoined thread[0m
[2.724s] [34mcolcon.colcon_core.shell[0m [1;30mINFO[0m Creating prefix script '/home/catscanners/Documents/find-my-kitten/ros2_ws/install/local_setup.ps1'
[2.729s] [34mcolcon.colcon_core.shell[0m [1;30mINFO[0m Creating prefix util module '/home/catscanners/Documents/find-my-kitten/ros2_ws/install/_local_setup_util_ps1.py'
[2.733s] [34mcolcon.colcon_core.shell[0m [1;30mINFO[0m Creating prefix chain script '/home/catscanners/Documents/find-my-kitten/ros2_ws/install/setup.ps1'
[2.738s] [34mcolcon.colcon_core.shell[0m [1;30mINFO[0m Creating prefix script '/home/catscanners/Documents/find-my-kitten/ros2_ws/install/local_setup.sh'
[2.741s] [34mcolcon.colcon_core.shell[0m [1;30mINFO[0m Creating prefix util module '/home/catscanners/Documents/find-my-kitten/ros2_ws/install/_local_setup_util_sh.py'
[2.744s] [34mcolcon.colcon_core.shell[0m [1;30mINFO[0m Creating prefix chain script '/home/catscanners/Documents/find-my-kitten/ros2_ws/install/setup.sh'
[2.748s] [34mcolcon.colcon_core.shell[0m [1;30mINFO[0m Creating prefix script '/home/catscanners/Documents/find-my-kitten/ros2_ws/install/local_setup.bash'
[2.751s] [34mcolcon.colcon_core.shell[0m [1;30mINFO[0m Creating prefix chain script '/home/catscanners/Documents/find-my-kitten/ros2_ws/install/setup.bash'
[2.754s] [34mcolcon.colcon_core.shell[0m [1;30mINFO[0m Creating prefix script '/home/catscanners/Documents/find-my-kitten/ros2_ws/install/local_setup.zsh'
[2.756s] [34mcolcon.colcon_core.shell[0m [1;30mINFO[0m Creating prefix chain script '/home/catscanners/Documents/find-my-kitten/ros2_ws/install/setup.zsh'
